Info: Starting: Create block symbol file (.bsf)
Info: ip-generate --project-directory=/afs/ualberta.ca/home/x/u/xuefei1/Desktop/electronic_engine_control/ --output-directory=/afs/ualberta.ca/home/x/u/xuefei1/Desktop/electronic_engine_control/niosII_system/ --report-file=bsf:/afs/ualberta.ca/home/x/u/xuefei1/Desktop/electronic_engine_control/niosII_system.bsf --system-info=DEVICE_FAMILY="Cyclone IV E" --system-info=DEVICE=EP4CE22F17C7 --system-info=DEVICE_SPEEDGRADE=7 --component-file=/afs/ualberta.ca/home/x/u/xuefei1/Desktop/electronic_engine_control/niosII_system.qsys
Progress: Loading electronic_engine_control/niosII_system.qsys
Progress: Reading input file
Progress: Adding clk_0 [clock_source 12.1]
Progress: Parameterizing module clk_0
Progress: Adding nios2_0 [altera_nios2_qsys 12.1]
Progress: Parameterizing module nios2_0
Progress: Adding onchip_memory2_0 [altera_avalon_onchip_memory2 12.1]
Progress: Parameterizing module onchip_memory2_0
Progress: Adding sysid_qsys_0 [altera_avalon_sysid_qsys 12.1]
Progress: Parameterizing module sysid_qsys_0
Progress: Adding timer_0 [altera_avalon_timer 12.1]
Progress: Parameterizing module timer_0
Progress: Adding jtag_uart_0 [altera_avalon_jtag_uart 12.1]
Progress: Parameterizing module jtag_uart_0
Progress: Adding green_leds [altera_avalon_pio 12.1]
Progress: Parameterizing module green_leds
Progress: Adding switch [altera_avalon_pio 12.1]
Progress: Parameterizing module switch
Progress: Adding altpll_0 [altpll 12.1]
Progress: Parameterizing module altpll_0
Progress: Adding sdram_0 [altera_avalon_new_sdram_controller 12.1]
Progress: Parameterizing module sdram_0
Progress: Adding sram_0 [altera_up_avalon_sram 12.0]
Progress: Parameterizing module sram_0
Progress: Adding de0_nano_adc_0 [altera_up_avalon_de0_nano_adc 12.0]
Progress: Parameterizing module de0_nano_adc_0
Progress: Building connections
Progress: Parameterizing connections
Progress: Validating
Progress: Done reading input file
Info: niosII_system.onchip_memory2_0: Memory will be initialized from onchip_memory2_0.hex
Info: niosII_system.sysid_qsys_0: System ID is not assigned automatically. Edit the System ID parameter to provide a unique ID
Info: niosII_system.sysid_qsys_0: Time stamp will be automatically updated when this component is generated.
Info: niosII_system.switch: PIO inputs are not hardwired in test bench. Undefined values will be read from PIO inputs during simulation.
Warning: niosII_system.altpll_0: altpll_0.areset_conduit must be exported, or connected to a matching conduit.
Warning: niosII_system.altpll_0: altpll_0.locked_conduit must be exported, or connected to a matching conduit.
Warning: niosII_system.altpll_0: altpll_0.phasedone_conduit must be exported, or connected to a matching conduit.
Info: ip-generate succeeded.
Info: Finished: Create block symbol file (.bsf)
Info: 
Info: Starting: Create HDL design files for synthesis
Info: ip-generate --project-directory=/afs/ualberta.ca/home/x/u/xuefei1/Desktop/electronic_engine_control/ --output-directory=/afs/ualberta.ca/home/x/u/xuefei1/Desktop/electronic_engine_control/niosII_system/synthesis/ --file-set=QUARTUS_SYNTH --report-file=sopcinfo:/afs/ualberta.ca/home/x/u/xuefei1/Desktop/electronic_engine_control/niosII_system.sopcinfo --report-file=html:/afs/ualberta.ca/home/x/u/xuefei1/Desktop/electronic_engine_control/niosII_system.html --report-file=qip:/afs/ualberta.ca/home/x/u/xuefei1/Desktop/electronic_engine_control/niosII_system/synthesis/niosII_system.qip --report-file=cmp:/afs/ualberta.ca/home/x/u/xuefei1/Desktop/electronic_engine_control/niosII_system.cmp --system-info=DEVICE_FAMILY="Cyclone IV E" --system-info=DEVICE=EP4CE22F17C7 --system-info=DEVICE_SPEEDGRADE=7 --component-file=/afs/ualberta.ca/home/x/u/xuefei1/Desktop/electronic_engine_control/niosII_system.qsys
Progress: Loading electronic_engine_control/niosII_system.qsys
Progress: Reading input file
Progress: Adding clk_0 [clock_source 12.1]
Progress: Parameterizing module clk_0
Progress: Adding nios2_0 [altera_nios2_qsys 12.1]
Progress: Parameterizing module nios2_0
Progress: Adding onchip_memory2_0 [altera_avalon_onchip_memory2 12.1]
Progress: Parameterizing module onchip_memory2_0
Progress: Adding sysid_qsys_0 [altera_avalon_sysid_qsys 12.1]
Progress: Parameterizing module sysid_qsys_0
Progress: Adding timer_0 [altera_avalon_timer 12.1]
Progress: Parameterizing module timer_0
Progress: Adding jtag_uart_0 [altera_avalon_jtag_uart 12.1]
Progress: Parameterizing module jtag_uart_0
Progress: Adding green_leds [altera_avalon_pio 12.1]
Progress: Parameterizing module green_leds
Progress: Adding switch [altera_avalon_pio 12.1]
Progress: Parameterizing module switch
Progress: Adding altpll_0 [altpll 12.1]
Progress: Parameterizing module altpll_0
Progress: Adding sdram_0 [altera_avalon_new_sdram_controller 12.1]
Progress: Parameterizing module sdram_0
Progress: Adding sram_0 [altera_up_avalon_sram 12.0]
Progress: Parameterizing module sram_0
Progress: Adding de0_nano_adc_0 [altera_up_avalon_de0_nano_adc 12.0]
Progress: Parameterizing module de0_nano_adc_0
Progress: Building connections
Progress: Parameterizing connections
Progress: Validating
Progress: Done reading input file
Info: niosII_system.onchip_memory2_0: Memory will be initialized from onchip_memory2_0.hex
Info: niosII_system.sysid_qsys_0: System ID is not assigned automatically. Edit the System ID parameter to provide a unique ID
Info: niosII_system.sysid_qsys_0: Time stamp will be automatically updated when this component is generated.
Info: niosII_system.switch: PIO inputs are not hardwired in test bench. Undefined values will be read from PIO inputs during simulation.
Warning: niosII_system.altpll_0: altpll_0.areset_conduit must be exported, or connected to a matching conduit.
Warning: niosII_system.altpll_0: altpll_0.locked_conduit must be exported, or connected to a matching conduit.
Warning: niosII_system.altpll_0: altpll_0.phasedone_conduit must be exported, or connected to a matching conduit.
Info: niosII_system: Generating niosII_system "niosII_system" for QUARTUS_SYNTH
Info: pipeline_bridge_swap_transform: After transform: 12 modules, 49 connections
Info: No custom instruction connections, skipping transform 
Info: merlin_translator_transform: After transform: 25 modules, 100 connections
Info: merlin_domain_transform: After transform: 51 modules, 269 connections
Info: merlin_router_transform: After transform: 64 modules, 320 connections
Info: merlin_burst_transform: After transform: 66 modules, 328 connections
Info: reset_adaptation_transform: After transform: 68 modules, 263 connections
Info: merlin_network_to_switch_transform: After transform: 93 modules, 319 connections
Info: merlin_width_transform: After transform: 97 modules, 331 connections
Info: Inserting clock-crossing logic between cmd_xbar_demux_001.src6 and cmd_xbar_mux_006.sink0
Info: Inserting clock-crossing logic between rsp_xbar_demux_006.src0 and rsp_xbar_mux_001.sink6
Info: com_altera_sopcmodel_transforms_avalon_ClockCrossingTransform: After transform: 99 modules, 341 connections
Info: merlin_interrupt_mapper_transform: After transform: 100 modules, 344 connections
Info: nios2_0: Starting RTL generation for module 'niosII_system_nios2_0'
Info: nios2_0:   Generation command is [exec /OPT/altera/12.1/quartus/../ip/altera/nios2_ip/altera_nios2/eperl -I /OPT/altera/12.1/quartus/common/ip/altera/common/perl/5.8.3 -I /OPT/altera/12.1/quartus/sopc_builder/bin/europa -I /OPT/altera/12.1/quartus/sopc_builder/bin/perl_lib -I /OPT/altera/12.1/quartus/sopc_builder/bin -I /OPT/altera/12.1/quartus/../ip/altera/nios2_ip/altera_nios2/cpu_lib -I /OPT/altera/12.1/quartus/../ip/altera/nios2_ip/altera_nios2/nios_lib -I /OPT/altera/12.1/quartus/../ip/altera/nios2_ip/altera_nios2 -I /OPT/altera/12.1/quartus/../ip/altera/nios2_ip/altera_nios2 -- /OPT/altera/12.1/quartus/../ip/altera/nios2_ip/altera_nios2/generate_rtl.epl --name=niosII_system_nios2_0 --dir=/tmp/alt7204_3498020824857505890.dir/0032_nios2_0_gen/ --quartus_dir=/OPT/altera/12.1/quartus --verilog --config=/tmp/alt7204_3498020824857505890.dir/0032_nios2_0_gen//niosII_system_nios2_0_processor_configuration.pl  --do_build_sim=0    --bogus  ]
Info: nios2_0: # 2017.02.07 14:25:54 (*) Starting Nios II generation
Info: nios2_0: # 2017.02.07 14:25:54 (*)   Checking for plaintext license.
Info: nios2_0: # 2017.02.07 14:25:55 (*)   Couldn't query license setup in Quartus directory /OPT/altera/12.1/quartus
Info: nios2_0: # 2017.02.07 14:25:55 (*)   Defaulting to contents of LM_LICENSE_FILE environment variable
Info: nios2_0: # 2017.02.07 14:25:55 (*)   Plaintext license not found.
Info: nios2_0: # 2017.02.07 14:25:55 (*)   No license required to generate encrypted Nios II/e.
Info: nios2_0: # 2017.02.07 14:25:55 (*)   Elaborating CPU configuration settings
Info: nios2_0: # 2017.02.07 14:25:55 (*)   Creating all objects for CPU
Info: nios2_0: # 2017.02.07 14:25:56 (*)   Generating RTL from CPU objects
Info: nios2_0: # 2017.02.07 14:25:56 (*)   Creating plain-text RTL
Info: nios2_0: # 2017.02.07 14:25:58 (*) Done Nios II generation
Info: nios2_0: Done RTL generation for module 'niosII_system_nios2_0'
Info: nios2_0: "niosII_system" instantiated altera_nios2_qsys "nios2_0"
Info: Starting classic module elaboration.
"/OPT/altera/12.1/quartus/linux/jre/bin/java" -Xmx512M -classpath "/OPT/altera/12.1/quartus/sopc_builder/bin/sopc_builder.jar:/OPT/altera/12.1/quartus/sopc_builder/bin/PinAssigner.jar:/OPT/altera/12.1/quartus/sopc_builder/bin/sopc_wizard.jar:/OPT/altera/12.1/quartus/sopc_builder/bin/jptf.jar" sopc_builder.sopc_builder  -d"/OPT/altera/12.1/quartus/sopc_builder" -notalkback=1 -projectnameyysystem.qpf -projectpath/tmp/alt7204_3498020824857505890.dir/0033_sopclgen  --no_splash --refresh /tmp/alt7204_3498020824857505890.dir/0033_sopclgen/yysystem.v --quartus_dir="/OPT/altera/12.1/quartus" --sopc_perl="/OPT/altera/12.1/quartus/linux/perl" --sopc_lib_path="++/OPT/altera/12.1/quartus/../ip/altera/sopc_builder_ip+/OPT/altera/12.1/quartus/../ip/altera/nios2_ip"
(java:1391): Gtk-WARNING **: Unable to locate theme engine in module_path: "adwaita",
(java:1391): Gtk-WARNING **: Unable to locate theme engine in module_path: "adwaita",
Gtk-Message: Failed to load module "pk-gtk-module"
Gtk-Message: Failed to load module "canberra-gtk-module"
Info: Finished elaborating classic module.
Executing: /OPT/altera/12.1/quartus//sopc_builder/bin/sopc_builder --classic --generate /tmp/alt7204_3498020824857505890.dir/0033_sopclgen/yysystem.ptf
Info: Running sopc_builder...
"/OPT/altera/12.1/quartus//linux/jre/bin/java" -Xmx512M -classpath "/OPT/altera/12.1/quartus//sopc_builder/bin/sopc_builder.jar:/OPT/altera/12.1/quartus//sopc_builder/bin/PinAssigner.jar:/OPT/altera/12.1/quartus//sopc_builder/bin/sopc_wizard.jar:/OPT/altera/12.1/quartus//sopc_builder/bin/jptf.jar" sopc_builder.sopc_builder  -d"/OPT/altera/12.1/quartus//sopc_builder" -notalkback=1 -projectnameyysystem.qpf -projectpath/tmp/alt7204_3498020824857505890.dir/0033_sopclgen  --generate /tmp/alt7204_3498020824857505890.dir/0033_sopclgen/yysystem.v --quartus_dir="/OPT/altera/12.1/quartus/" --sopc_perl="/OPT/altera/12.1/quartus//linux/perl" --sopc_lib_path="++/OPT/altera/12.1/quartus//../ip/altera/sopc_builder_ip+/OPT/altera/12.1/quartus//../ip/altera/nios2_ip"
(java:1428): Gtk-WARNING **: Unable to locate theme engine in module_path: "adwaita",
(java:1428): Gtk-WARNING **: Unable to locate theme engine in module_path: "adwaita",
Gtk-Message: Failed to load module "pk-gtk-module"
Gtk-Message: Failed to load module "canberra-gtk-module"
.
# 2017.02.07 14:26:02 (*) Success: sopc_builder finished.
Info: onchip_memory2_0: "niosII_system" instantiated altera_avalon_onchip_memory2 "onchip_memory2_0"
Info: sysid_qsys_0: "niosII_system" instantiated altera_avalon_sysid_qsys "sysid_qsys_0"
Info: Starting classic module elaboration.
"/OPT/altera/12.1/quartus/linux/jre/bin/java" -Xmx512M -classpath "/OPT/altera/12.1/quartus/sopc_builder/bin/sopc_builder.jar:/OPT/altera/12.1/quartus/sopc_builder/bin/PinAssigner.jar:/OPT/altera/12.1/quartus/sopc_builder/bin/sopc_wizard.jar:/OPT/altera/12.1/quartus/sopc_builder/bin/jptf.jar" sopc_builder.sopc_builder  -d"/OPT/altera/12.1/quartus/sopc_builder" -notalkback=1 -projectnameyysystem.qpf -projectpath/tmp/alt7204_3498020824857505890.dir/0035_sopclgen  --no_splash --refresh /tmp/alt7204_3498020824857505890.dir/0035_sopclgen/yysystem.v --quartus_dir="/OPT/altera/12.1/quartus" --sopc_perl="/OPT/altera/12.1/quartus/linux/perl" --sopc_lib_path="++/OPT/altera/12.1/quartus/../ip/altera/sopc_builder_ip+/OPT/altera/12.1/quartus/../ip/altera/nios2_ip"
(java:1481): Gtk-WARNING **: Unable to locate theme engine in module_path: "adwaita",
(java:1481): Gtk-WARNING **: Unable to locate theme engine in module_path: "adwaita",
Gtk-Message: Failed to load module "pk-gtk-module"
Gtk-Message: Failed to load module "canberra-gtk-module"
Info: Finished elaborating classic module.
Executing: /OPT/altera/12.1/quartus//sopc_builder/bin/sopc_builder --classic --generate /tmp/alt7204_3498020824857505890.dir/0035_sopclgen/yysystem.ptf
Info: Running sopc_builder...
"/OPT/altera/12.1/quartus//linux/jre/bin/java" -Xmx512M -classpath "/OPT/altera/12.1/quartus//sopc_builder/bin/sopc_builder.jar:/OPT/altera/12.1/quartus//sopc_builder/bin/PinAssigner.jar:/OPT/altera/12.1/quartus//sopc_builder/bin/sopc_wizard.jar:/OPT/altera/12.1/quartus//sopc_builder/bin/jptf.jar" sopc_builder.sopc_builder  -d"/OPT/altera/12.1/quartus//sopc_builder" -notalkback=1 -projectnameyysystem.qpf -projectpath/tmp/alt7204_3498020824857505890.dir/0035_sopclgen  --generate /tmp/alt7204_3498020824857505890.dir/0035_sopclgen/yysystem.v --quartus_dir="/OPT/altera/12.1/quartus/" --sopc_perl="/OPT/altera/12.1/quartus//linux/perl" --sopc_lib_path="++/OPT/altera/12.1/quartus//../ip/altera/sopc_builder_ip+/OPT/altera/12.1/quartus//../ip/altera/nios2_ip"
(java:1515): Gtk-WARNING **: Unable to locate theme engine in module_path: "adwaita",
(java:1515): Gtk-WARNING **: Unable to locate theme engine in module_path: "adwaita",
Gtk-Message: Failed to load module "pk-gtk-module"
Gtk-Message: Failed to load module "canberra-gtk-module"
.
# 2017.02.07 14:26:05 (*) Success: sopc_builder finished.
Info: timer_0: "niosII_system" instantiated altera_avalon_timer "timer_0"
Info: Starting classic module elaboration.
"/OPT/altera/12.1/quartus/linux/jre/bin/java" -Xmx512M -classpath "/OPT/altera/12.1/quartus/sopc_builder/bin/sopc_builder.jar:/OPT/altera/12.1/quartus/sopc_builder/bin/PinAssigner.jar:/OPT/altera/12.1/quartus/sopc_builder/bin/sopc_wizard.jar:/OPT/altera/12.1/quartus/sopc_builder/bin/jptf.jar" sopc_builder.sopc_builder  -d"/OPT/altera/12.1/quartus/sopc_builder" -notalkback=1 -projectnameyysystem.qpf -projectpath/tmp/alt7204_3498020824857505890.dir/0036_sopclgen  --no_splash --refresh /tmp/alt7204_3498020824857505890.dir/0036_sopclgen/yysystem.v --quartus_dir="/OPT/altera/12.1/quartus" --sopc_perl="/OPT/altera/12.1/quartus/linux/perl" --sopc_lib_path="++/OPT/altera/12.1/quartus/../ip/altera/sopc_builder_ip+/OPT/altera/12.1/quartus/../ip/altera/nios2_ip"
(java:1571): Gtk-WARNING **: Unable to locate theme engine in module_path: "adwaita",
(java:1571): Gtk-WARNING **: Unable to locate theme engine in module_path: "adwaita",
Gtk-Message: Failed to load module "pk-gtk-module"
Gtk-Message: Failed to load module "canberra-gtk-module"
Info: Finished elaborating classic module.
Executing: /OPT/altera/12.1/quartus//sopc_builder/bin/sopc_builder --classic --generate /tmp/alt7204_3498020824857505890.dir/0036_sopclgen/yysystem.ptf
Info: Running sopc_builder...
"/OPT/altera/12.1/quartus//linux/jre/bin/java" -Xmx512M -classpath "/OPT/altera/12.1/quartus//sopc_builder/bin/sopc_builder.jar:/OPT/altera/12.1/quartus//sopc_builder/bin/PinAssigner.jar:/OPT/altera/12.1/quartus//sopc_builder/bin/sopc_wizard.jar:/OPT/altera/12.1/quartus//sopc_builder/bin/jptf.jar" sopc_builder.sopc_builder  -d"/OPT/altera/12.1/quartus//sopc_builder" -notalkback=1 -projectnameyysystem.qpf -projectpath/tmp/alt7204_3498020824857505890.dir/0036_sopclgen  --generate /tmp/alt7204_3498020824857505890.dir/0036_sopclgen/yysystem.v --quartus_dir="/OPT/altera/12.1/quartus/" --sopc_perl="/OPT/altera/12.1/quartus//linux/perl" --sopc_lib_path="++/OPT/altera/12.1/quartus//../ip/altera/sopc_builder_ip+/OPT/altera/12.1/quartus//../ip/altera/nios2_ip"
(java:1629): Gtk-WARNING **: Unable to locate theme engine in module_path: "adwaita",
(java:1629): Gtk-WARNING **: Unable to locate theme engine in module_path: "adwaita",
Gtk-Message: Failed to load module "pk-gtk-module"
Gtk-Message: Failed to load module "canberra-gtk-module"
.
# 2017.02.07 14:26:09 (*) Success: sopc_builder finished.
Info: jtag_uart_0: "niosII_system" instantiated altera_avalon_jtag_uart "jtag_uart_0"
Info: Starting classic module elaboration.
"/OPT/altera/12.1/quartus/linux/jre/bin/java" -Xmx512M -classpath "/OPT/altera/12.1/quartus/sopc_builder/bin/sopc_builder.jar:/OPT/altera/12.1/quartus/sopc_builder/bin/PinAssigner.jar:/OPT/altera/12.1/quartus/sopc_builder/bin/sopc_wizard.jar:/OPT/altera/12.1/quartus/sopc_builder/bin/jptf.jar" sopc_builder.sopc_builder  -d"/OPT/altera/12.1/quartus/sopc_builder" -notalkback=1 -projectnameyysystem.qpf -projectpath/tmp/alt7204_3498020824857505890.dir/0037_sopclgen  --no_splash --refresh /tmp/alt7204_3498020824857505890.dir/0037_sopclgen/yysystem.v --quartus_dir="/OPT/altera/12.1/quartus" --sopc_perl="/OPT/altera/12.1/quartus/linux/perl" --sopc_lib_path="++/OPT/altera/12.1/quartus/../ip/altera/sopc_builder_ip+/OPT/altera/12.1/quartus/../ip/altera/nios2_ip"
(java:1682): Gtk-WARNING **: Unable to locate theme engine in module_path: "adwaita",
(java:1682): Gtk-WARNING **: Unable to locate theme engine in module_path: "adwaita",
Gtk-Message: Failed to load module "pk-gtk-module"
Gtk-Message: Failed to load module "canberra-gtk-module"
Info: Finished elaborating classic module.
Executing: /OPT/altera/12.1/quartus//sopc_builder/bin/sopc_builder --classic --generate /tmp/alt7204_3498020824857505890.dir/0037_sopclgen/yysystem.ptf
Info: Running sopc_builder...
"/OPT/altera/12.1/quartus//linux/jre/bin/java" -Xmx512M -classpath "/OPT/altera/12.1/quartus//sopc_builder/bin/sopc_builder.jar:/OPT/altera/12.1/quartus//sopc_builder/bin/PinAssigner.jar:/OPT/altera/12.1/quartus//sopc_builder/bin/sopc_wizard.jar:/OPT/altera/12.1/quartus//sopc_builder/bin/jptf.jar" sopc_builder.sopc_builder  -d"/OPT/altera/12.1/quartus//sopc_builder" -notalkback=1 -projectnameyysystem.qpf -projectpath/tmp/alt7204_3498020824857505890.dir/0037_sopclgen  --generate /tmp/alt7204_3498020824857505890.dir/0037_sopclgen/yysystem.v --quartus_dir="/OPT/altera/12.1/quartus/" --sopc_perl="/OPT/altera/12.1/quartus//linux/perl" --sopc_lib_path="++/OPT/altera/12.1/quartus//../ip/altera/sopc_builder_ip+/OPT/altera/12.1/quartus//../ip/altera/nios2_ip"
(java:1728): Gtk-WARNING **: Unable to locate theme engine in module_path: "adwaita",
(java:1728): Gtk-WARNING **: Unable to locate theme engine in module_path: "adwaita",
Gtk-Message: Failed to load module "pk-gtk-module"
Gtk-Message: Failed to load module "canberra-gtk-module"
.
# 2017.02.07 14:26:12 (*) Success: sopc_builder finished.
Info: green_leds: "niosII_system" instantiated altera_avalon_pio "green_leds"
Info: Starting classic module elaboration.
"/OPT/altera/12.1/quartus/linux/jre/bin/java" -Xmx512M -classpath "/OPT/altera/12.1/quartus/sopc_builder/bin/sopc_builder.jar:/OPT/altera/12.1/quartus/sopc_builder/bin/PinAssigner.jar:/OPT/altera/12.1/quartus/sopc_builder/bin/sopc_wizard.jar:/OPT/altera/12.1/quartus/sopc_builder/bin/jptf.jar" sopc_builder.sopc_builder  -d"/OPT/altera/12.1/quartus/sopc_builder" -notalkback=1 -projectnameyysystem.qpf -projectpath/tmp/alt7204_3498020824857505890.dir/0038_sopclgen  --no_splash --refresh /tmp/alt7204_3498020824857505890.dir/0038_sopclgen/yysystem.v --quartus_dir="/OPT/altera/12.1/quartus" --sopc_perl="/OPT/altera/12.1/quartus/linux/perl" --sopc_lib_path="++/OPT/altera/12.1/quartus/../ip/altera/sopc_builder_ip+/OPT/altera/12.1/quartus/../ip/altera/nios2_ip"
(java:1793): Gtk-WARNING **: Unable to locate theme engine in module_path: "adwaita",
(java:1793): Gtk-WARNING **: Unable to locate theme engine in module_path: "adwaita",
Gtk-Message: Failed to load module "pk-gtk-module"
Gtk-Message: Failed to load module "canberra-gtk-module"
Info: Finished elaborating classic module.
Executing: /OPT/altera/12.1/quartus//sopc_builder/bin/sopc_builder --classic --generate /tmp/alt7204_3498020824857505890.dir/0038_sopclgen/yysystem.ptf
Info: Running sopc_builder...
"/OPT/altera/12.1/quartus//linux/jre/bin/java" -Xmx512M -classpath "/OPT/altera/12.1/quartus//sopc_builder/bin/sopc_builder.jar:/OPT/altera/12.1/quartus//sopc_builder/bin/PinAssigner.jar:/OPT/altera/12.1/quartus//sopc_builder/bin/sopc_wizard.jar:/OPT/altera/12.1/quartus//sopc_builder/bin/jptf.jar" sopc_builder.sopc_builder  -d"/OPT/altera/12.1/quartus//sopc_builder" -notalkback=1 -projectnameyysystem.qpf -projectpath/tmp/alt7204_3498020824857505890.dir/0038_sopclgen  --generate /tmp/alt7204_3498020824857505890.dir/0038_sopclgen/yysystem.v --quartus_dir="/OPT/altera/12.1/quartus/" --sopc_perl="/OPT/altera/12.1/quartus//linux/perl" --sopc_lib_path="++/OPT/altera/12.1/quartus//../ip/altera/sopc_builder_ip+/OPT/altera/12.1/quartus//../ip/altera/nios2_ip"
(java:1832): Gtk-WARNING **: Unable to locate theme engine in module_path: "adwaita",
(java:1832): Gtk-WARNING **: Unable to locate theme engine in module_path: "adwaita",
Gtk-Message: Failed to load module "pk-gtk-module"
Gtk-Message: Failed to load module "canberra-gtk-module"
.
# 2017.02.07 14:26:16 (*) Success: sopc_builder finished.
Info: switch: "niosII_system" instantiated altera_avalon_pio "switch"
Info: altpll_0: "niosII_system" instantiated altpll "altpll_0"
Info: Starting classic module elaboration.
"/OPT/altera/12.1/quartus/linux/jre/bin/java" -Xmx512M -classpath "/OPT/altera/12.1/quartus/sopc_builder/bin/sopc_builder.jar:/OPT/altera/12.1/quartus/sopc_builder/bin/PinAssigner.jar:/OPT/altera/12.1/quartus/sopc_builder/bin/sopc_wizard.jar:/OPT/altera/12.1/quartus/sopc_builder/bin/jptf.jar" sopc_builder.sopc_builder  -d"/OPT/altera/12.1/quartus/sopc_builder" -notalkback=1 -projectnameyysystem.qpf -projectpath/tmp/alt7204_3498020824857505890.dir/0041_sopclgen  --no_splash --refresh /tmp/alt7204_3498020824857505890.dir/0041_sopclgen/yysystem.v --quartus_dir="/OPT/altera/12.1/quartus" --sopc_perl="/OPT/altera/12.1/quartus/linux/perl" --sopc_lib_path="++/OPT/altera/12.1/quartus/../ip/altera/sopc_builder_ip+/OPT/altera/12.1/quartus/../ip/altera/nios2_ip"
(java:1908): Gtk-WARNING **: Unable to locate theme engine in module_path: "adwaita",
(java:1908): Gtk-WARNING **: Unable to locate theme engine in module_path: "adwaita",
Gtk-Message: Failed to load module "pk-gtk-module"
Gtk-Message: Failed to load module "canberra-gtk-module"
Info: Finished elaborating classic module.
Executing: /OPT/altera/12.1/quartus//sopc_builder/bin/sopc_builder --classic --generate /tmp/alt7204_3498020824857505890.dir/0041_sopclgen/yysystem.ptf
Info: Running sopc_builder...
"/OPT/altera/12.1/quartus//linux/jre/bin/java" -Xmx512M -classpath "/OPT/altera/12.1/quartus//sopc_builder/bin/sopc_builder.jar:/OPT/altera/12.1/quartus//sopc_builder/bin/PinAssigner.jar:/OPT/altera/12.1/quartus//sopc_builder/bin/sopc_wizard.jar:/OPT/altera/12.1/quartus//sopc_builder/bin/jptf.jar" sopc_builder.sopc_builder  -d"/OPT/altera/12.1/quartus//sopc_builder" -notalkback=1 -projectnameyysystem.qpf -projectpath/tmp/alt7204_3498020824857505890.dir/0041_sopclgen  --generate /tmp/alt7204_3498020824857505890.dir/0041_sopclgen/yysystem.v --quartus_dir="/OPT/altera/12.1/quartus/" --sopc_perl="/OPT/altera/12.1/quartus//linux/perl" --sopc_lib_path="++/OPT/altera/12.1/quartus//../ip/altera/sopc_builder_ip+/OPT/altera/12.1/quartus//../ip/altera/nios2_ip"
(java:1951): Gtk-WARNING **: Unable to locate theme engine in module_path: "adwaita",
(java:1951): Gtk-WARNING **: Unable to locate theme engine in module_path: "adwaita",
Gtk-Message: Failed to load module "pk-gtk-module"
Gtk-Message: Failed to load module "canberra-gtk-module"
.
.
# 2017.02.07 14:26:22 (*) Running Test Generator Program for niosII_system_sdram_0
# 2017.02.07 14:26:23 (*) Success: sopc_builder finished.
Info: sdram_0: "niosII_system" instantiated altera_avalon_new_sdram_controller "sdram_0"
Info: sram_0: Starting Generation of SRAM or SSRAM Controller
Info: sram_0: "niosII_system" instantiated altera_up_avalon_sram "sram_0"
Info: de0_nano_adc_0: Starting Generation of DE0-Nano ADC Controller
Info: de0_nano_adc_0: /OPT/altera/12.1/ip/University_Program/Input_Output/altera_up_avalon_de0_nano_adc/hdl/adv_adc.v /tmp/alt7204_3498020824857505890.dir/0043_sopcgen/niosII_system_de0_nano_adc_0.v
Warning: de0_nano_adc_0: Parameter tsclk has hdl_parameter = false but parameter exists on the HDL
Warning: de0_nano_adc_0: Parameter numch has hdl_parameter = false but parameter exists on the HDL
Info: de0_nano_adc_0: "niosII_system" instantiated altera_up_avalon_de0_nano_adc "de0_nano_adc_0"
Info: nios2_0_instruction_master_translator: "niosII_system" instantiated altera_merlin_master_translator "nios2_0_instruction_master_translator"
Info: nios2_0_jtag_debug_module_translator: "niosII_system" instantiated altera_merlin_slave_translator "nios2_0_jtag_debug_module_translator"
Info: nios2_0_instruction_master_translator_avalon_universal_master_0_agent: "niosII_system" instantiated altera_merlin_master_agent "nios2_0_instruction_master_translator_avalon_universal_master_0_agent"
Info: nios2_0_jtag_debug_module_translator_avalon_universal_slave_0_agent: "niosII_system" instantiated altera_merlin_slave_agent "nios2_0_jtag_debug_module_translator_avalon_universal_slave_0_agent"
Info: nios2_0_jtag_debug_module_translator_avalon_universal_slave_0_agent_rsp_fifo: "niosII_system" instantiated altera_avalon_sc_fifo "nios2_0_jtag_debug_module_translator_avalon_universal_slave_0_agent_rsp_fifo"
Info: addr_router: "niosII_system" instantiated altera_merlin_router "addr_router"
Info: addr_router_001: "niosII_system" instantiated altera_merlin_router "addr_router_001"
Info: id_router: "niosII_system" instantiated altera_merlin_router "id_router"
Info: id_router_002: "niosII_system" instantiated altera_merlin_router "id_router_002"
Info: id_router_004: "niosII_system" instantiated altera_merlin_router "id_router_004"
Info: burst_adapter: "niosII_system" instantiated altera_merlin_burst_adapter "burst_adapter"
Info: rst_controller: "niosII_system" instantiated altera_reset_controller "rst_controller"
Info: cmd_xbar_demux: "niosII_system" instantiated altera_merlin_demultiplexer "cmd_xbar_demux"
Info: cmd_xbar_demux_001: "niosII_system" instantiated altera_merlin_demultiplexer "cmd_xbar_demux_001"
Info: cmd_xbar_mux: "niosII_system" instantiated altera_merlin_multiplexer "cmd_xbar_mux"
Info: rsp_xbar_demux: "niosII_system" instantiated altera_merlin_demultiplexer "rsp_xbar_demux"
Info: rsp_xbar_demux_004: "niosII_system" instantiated altera_merlin_demultiplexer "rsp_xbar_demux_004"
Info: rsp_xbar_mux: "niosII_system" instantiated altera_merlin_multiplexer "rsp_xbar_mux"
Info: Reusing file /afs/ualberta.ca/home/x/u/xuefei1/Desktop/electronic_engine_control/niosII_system/synthesis/submodules/altera_merlin_arbitrator.sv
Info: rsp_xbar_mux_001: "niosII_system" instantiated altera_merlin_multiplexer "rsp_xbar_mux_001"
Info: Reusing file /afs/ualberta.ca/home/x/u/xuefei1/Desktop/electronic_engine_control/niosII_system/synthesis/submodules/altera_merlin_arbitrator.sv
Info: width_adapter: "niosII_system" instantiated altera_merlin_width_adapter "width_adapter"
Info: Reusing file /afs/ualberta.ca/home/x/u/xuefei1/Desktop/electronic_engine_control/niosII_system/synthesis/submodules/altera_merlin_burst_uncompressor.sv
Info: Reusing file /afs/ualberta.ca/home/x/u/xuefei1/Desktop/electronic_engine_control/niosII_system/synthesis/submodules/altera_merlin_address_alignment.sv
Info: crosser: "niosII_system" instantiated altera_avalon_st_handshake_clock_crosser "crosser"
Info: irq_mapper: "niosII_system" instantiated altera_irq_mapper "irq_mapper"
Info: niosII_system: Done niosII_system" with 34 modules, 138 files, 2624046 bytes
Info: ip-generate succeeded.
Info: Finished: Create HDL design files for synthesis
