
**** Build of configuration Nios II for project electronic_engine_control ****

make all 
Info: Building ../electronic_engine_control_bsp/
make --no-print-directory -C ../electronic_engine_control_bsp/
[BSP build complete]
Info: Compiling apps_motor_proc.c to obj/default/apps_motor_proc.o
nios2-elf-gcc -xc -MP -MMD -c -I../electronic_engine_control_bsp//UCOSII/inc -I../electronic_engine_control_bsp//HAL/inc -I../electronic_engine_control_bsp/ -I../electronic_engine_control_bsp//drivers/inc  -DSYSTEM_BUS_WIDTH=32 -pipe -D__hal__ -DALT_NO_INSTRUCTION_EMULATION -D__ucosii__    -O0 -g -Wall   -EL -mno-hw-div -mno-hw-mul -mno-hw-mulx  -o obj/default/apps_motor_proc.o apps_motor_proc.c
apps_motor_proc.c: In function 'apps_motor_task':
Info: Compiling main.c to obj/default/main.o
apps_motor_proc.c:133: warning: large integer implicitly truncated to unsigned type
nios2-elf-gcc -xc -MP -MMD -c -I../electronic_engine_control_bsp//UCOSII/inc -I../electronic_engine_control_bsp//HAL/inc -I../electronic_engine_control_bsp/ -I../electronic_engine_control_bsp//drivers/inc  -DSYSTEM_BUS_WIDTH=32 -pipe -D__hal__ -DALT_NO_INSTRUCTION_EMULATION -D__ucosii__    -O0 -g -Wall   -EL -mno-hw-div -mno-hw-mul -mno-hw-mulx  -o obj/default/main.o main.c
apps_motor_proc.c:169: warning: format '%d' expects type 'int', but argument 2 has type 'INT32U'
Info: Compiling solenoid_proc.c to obj/default/solenoid_proc.o
apps_motor_proc.c:169: warning: format '%d' expects type 'int', but argument 3 has type 'INT32U'
nios2-elf-gcc -xc -MP -MMD -c -I../electronic_engine_control_bsp//UCOSII/inc -I../electronic_engine_control_bsp//HAL/inc -I../electronic_engine_control_bsp/ -I../electronic_engine_control_bsp//drivers/inc  -DSYSTEM_BUS_WIDTH=32 -pipe -D__hal__ -DALT_NO_INSTRUCTION_EMULATION -D__ucosii__    -O0 -g -Wall   -EL -mno-hw-div -mno-hw-mul -mno-hw-mulx  -o obj/default/solenoid_proc.o solenoid_proc.c
apps_motor_proc.c:169: warning: format '%d' expects type 'int', but argument 2 has type 'INT32U'
Info: Compiling tps_proc.c to obj/default/tps_proc.o
apps_motor_proc.c:169: warning: format '%d' expects type 'int', but argument 3 has type 'INT32U'
nios2-elf-gcc -xc -MP -MMD -c -I../electronic_engine_control_bsp//UCOSII/inc -I../electronic_engine_control_bsp//HAL/inc -I../electronic_engine_control_bsp/ -I../electronic_engine_control_bsp//drivers/inc  -DSYSTEM_BUS_WIDTH=32 -pipe -D__hal__ -DALT_NO_INSTRUCTION_EMULATION -D__ucosii__    -O0 -g -Wall   -EL -mno-hw-div -mno-hw-mul -mno-hw-mulx  -o obj/default/tps_proc.o tps_proc.c
apps_motor_proc.c:52: warning: unused variable 'err'
Info: Linking electronic_engine_control.elf
apps_motor_proc.c: In function 'set_new_motor_position':
nios2-elf-g++  -T'../electronic_engine_control_bsp//linker.x' -msys-crt0='../electronic_engine_control_bsp//obj/HAL/src/crt0.o' -msys-lib=ucosii_bsp -L../electronic_engine_control_bsp/   -Wl,-Map=electronic_engine_control.map   -O0 -g -Wall   -EL -mno-hw-div -mno-hw-mul -mno-hw-mulx  -o electronic_engine_control.elf obj/default/apps_motor_proc.o obj/default/failure_handler_proc.o obj/default/main.o obj/default/solenoid_proc.o obj/default/tests/CuTest.o obj/default/tests/testbench.o obj/default/tps_proc.o obj/default/util.o -lm 
apps_motor_proc.c:200: warning: cast to pointer from integer of different size
nios2-elf-insert electronic_engine_control.elf --thread_model ucosii --cpu_name nios2_0 --qsys true --simulation_enabled false --id 0 --sidp 0x4009080 --timestamp 1488924393 --stderr_dev jtag_uart_0 --stdin_dev jtag_uart_0 --stdout_dev jtag_uart_0 --sopc_system_name niosII_system --quartus_project_dir "/afs/ualberta.ca/home/x/u/xuefei1/Desktop/electronic_engine_control" --jdi /afs/ualberta.ca/home/x/u/xuefei1/Desktop/electronic_engine_control/software/electronic_engine_control_bsp/../../electronic_engine_control.jdi --sopcinfo /afs/ualberta.ca/home/x/u/xuefei1/Desktop/electronic_engine_control/software/electronic_engine_control_bsp/../../niosII_system.sopcinfo
apps_motor_proc.c: In function 'apps_value_comp_callback':
Info: (electronic_engine_control.elf) 156 KBytes program size (code + initialized data).
Info:                                 32604 KBytes free for stack + heap.
Info: Creating electronic_engine_control.objdump
apps_motor_proc.c:211: warning: large integer implicitly truncated to unsigned type
nios2-elf-objdump --disassemble --syms --all-header --source electronic_engine_control.elf >electronic_engine_control.objdump
apps_motor_proc.c: At top level:
test_config.h:47: warning: 'X_CompareAsserts' declared 'static' but never defined
test_config.h:47: warning: 'X_CompareAsserts' declared 'static' but never defined
solenoid_proc.c: In function 'solenoid_task':
solenoid_proc.c:93: warning: format '%d' expects type 'int', but argument 2 has type 'INT32U'
solenoid_proc.c:93: warning: format '%d' expects type 'int', but argument 3 has type 'INT32U'
solenoid_proc.c:93: warning: format '%d' expects type 'int', but argument 2 has type 'INT32U'
solenoid_proc.c:93: warning: format '%d' expects type 'int', but argument 3 has type 'INT32U'
solenoid_proc.c:38: warning: unused variable 'err'
solenoid_proc.c: At top level:
test_config.h:47: warning: 'X_CompareAsserts' declared 'static' but never defined
tps_proc.c: In function 'tps_task':
tps_proc.c:105: warning: large integer implicitly truncated to unsigned type
tps_proc.c:129: warning: format '%d' expects type 'int', but argument 2 has type 'INT32U'
tps_proc.c:129: warning: format '%d' expects type 'int', but argument 3 has type 'INT32U'
tps_proc.c:129: warning: format '%d' expects type 'int', but argument 2 has type 'INT32U'
tps_proc.c:129: warning: format '%d' expects type 'int', but argument 3 has type 'INT32U'
tps_proc.c:41: warning: unused variable 'expected_tps_reading_q'
tps_proc.c:37: warning: unused variable 'err'
tps_proc.c: In function 'tps_value_comp_callback':
tps_proc.c:142: warning: large integer implicitly truncated to unsigned type
tps_proc.c: At top level:
test_config.h:47: warning: 'X_CompareAsserts' declared 'static' but never defined
[electronic_engine_control build complete]

**** Build Finished ****
