
**** Build of configuration Nios II for project electronic_engine_control ****

make all 
Info: Building ../electronic_engine_control_bsp/
make --no-print-directory -C ../electronic_engine_control_bsp/
[BSP build complete]
Info: Compiling solenoid_proc.c to obj/default/solenoid_proc.o
nios2-elf-gcc -xc -MP -MMD -c -I../electronic_engine_control_bsp//UCOSII/inc -I../electronic_engine_control_bsp//HAL/inc -I../electronic_engine_control_bsp/ -I../electronic_engine_control_bsp//drivers/inc  -DSYSTEM_BUS_WIDTH=32 -pipe -D__hal__ -DALT_NO_INSTRUCTION_EMULATION -D__ucosii__    -O0 -g -Wall   -EL -mno-hw-div -mno-hw-mul -mno-hw-mulx  -o obj/default/solenoid_proc.o solenoid_proc.c
solenoid_proc.c: In function 'solenoid_task':
Info: Compiling tests/testbench.c to obj/default/tests/testbench.o
solenoid_proc.c:101: warning: format '%d' expects type 'int', but argument 2 has type 'INT32U'
nios2-elf-gcc -xc -MP -MMD -c -I../electronic_engine_control_bsp//UCOSII/inc -I../electronic_engine_control_bsp//HAL/inc -I../electronic_engine_control_bsp/ -I../electronic_engine_control_bsp//drivers/inc  -DSYSTEM_BUS_WIDTH=32 -pipe -D__hal__ -DALT_NO_INSTRUCTION_EMULATION -D__ucosii__    -O0 -g -Wall   -EL -mno-hw-div -mno-hw-mul -mno-hw-mulx  -o obj/default/tests/testbench.o tests/testbench.c
solenoid_proc.c:101: warning: format '%d' expects type 'int', but argument 3 has type 'long unsigned int'
Info: Compiling tps_proc.c to obj/default/tps_proc.o
solenoid_proc.c:101: warning: format '%d' expects type 'int', but argument 2 has type 'INT32U'
nios2-elf-gcc -xc -MP -MMD -c -I../electronic_engine_control_bsp//UCOSII/inc -I../electronic_engine_control_bsp//HAL/inc -I../electronic_engine_control_bsp/ -I../electronic_engine_control_bsp//drivers/inc  -DSYSTEM_BUS_WIDTH=32 -pipe -D__hal__ -DALT_NO_INSTRUCTION_EMULATION -D__ucosii__    -O0 -g -Wall   -EL -mno-hw-div -mno-hw-mul -mno-hw-mulx  -o obj/default/tps_proc.o tps_proc.c
solenoid_proc.c:101: warning: format '%d' expects type 'int', but argument 3 has type 'long unsigned int'
Info: Compiling util.c to obj/default/util.o
solenoid_proc.c:38: warning: unused variable 'err'
nios2-elf-gcc -xc -MP -MMD -c -I../electronic_engine_control_bsp//UCOSII/inc -I../electronic_engine_control_bsp//HAL/inc -I../electronic_engine_control_bsp/ -I../electronic_engine_control_bsp//drivers/inc  -DSYSTEM_BUS_WIDTH=32 -pipe -D__hal__ -DALT_NO_INSTRUCTION_EMULATION -D__ucosii__    -O0 -g -Wall   -EL -mno-hw-div -mno-hw-mul -mno-hw-mulx  -o obj/default/util.o util.c
solenoid_proc.c: At top level:
test_config.h:47: warning: 'X_CompareAsserts' declared 'static' but never defined
Info: Linking electronic_engine_control.elf
tests/testbench.c: In function 'Test_int16U_differ_by_percent':
nios2-elf-g++  -T'../electronic_engine_control_bsp//linker.x' -msys-crt0='../electronic_engine_control_bsp//obj/HAL/src/crt0.o' -msys-lib=ucosii_bsp -L../electronic_engine_control_bsp/   -Wl,-Map=electronic_engine_control.map   -O0 -g -Wall   -EL -mno-hw-div -mno-hw-mul -mno-hw-mulx  -o electronic_engine_control.elf obj/default/apps_motor_proc.o obj/default/failure_handler_proc.o obj/default/main.o obj/default/solenoid_proc.o obj/default/tests/CuTest.o obj/default/tests/testbench.o obj/default/tps_proc.o obj/default/util.o -lm 
tests/testbench.c:81: warning: large integer implicitly truncated to unsigned type
nios2-elf-insert electronic_engine_control.elf --thread_model ucosii --cpu_name nios2_0 --qsys true --simulation_enabled false --id 0 --sidp 0x4009080 --timestamp 1488924393 --stderr_dev jtag_uart_0 --stdin_dev jtag_uart_0 --stdout_dev jtag_uart_0 --sopc_system_name niosII_system --quartus_project_dir "/afs/ualberta.ca/home/x/u/xuefei1/Desktop/electronic_engine_control" --jdi /afs/ualberta.ca/home/x/u/xuefei1/Desktop/electronic_engine_control/software/electronic_engine_control_bsp/../../electronic_engine_control.jdi --sopcinfo /afs/ualberta.ca/home/x/u/xuefei1/Desktop/electronic_engine_control/software/electronic_engine_control_bsp/../../niosII_system.sopcinfo
tests/testbench.c:83: warning: large integer implicitly truncated to unsigned type
tests/testbench.c:85: warning: large integer implicitly truncated to unsigned type
tests/testbench.c: At top level:
tests/../test_config.h:47: warning: 'X_CompareAsserts' declared 'static' but never defined
tps_proc.c: In function 'tps_task':
tps_proc.c:103: warning: large integer implicitly truncated to unsigned type
tps_proc.c:129: warning: format '%d' expects type 'int', but argument 2 has type 'INT32U'
tps_proc.c:129: warning: format '%d' expects type 'int', but argument 3 has type 'long unsigned int'
tps_proc.c:129: warning: format '%d' expects type 'int', but argument 2 has type 'INT32U'
tps_proc.c:129: warning: format '%d' expects type 'int', but argument 3 has type 'long unsigned int'
Info: (electronic_engine_control.elf) 156 KBytes program size (code + initialized data).
tps_proc.c:41: warning: unused variable 'expected_tps_reading_q'
Info:                                 32604 KBytes free for stack + heap.
tps_proc.c: In function 'tps_value_comp_callback':
Info: Creating electronic_engine_control.objdump
tps_proc.c:140: warning: large integer implicitly truncated to unsigned type
nios2-elf-objdump --disassemble --syms --all-header --source electronic_engine_control.elf >electronic_engine_control.objdump
tps_proc.c: At top level:
test_config.h:47: warning: 'X_CompareAsserts' declared 'static' but never defined
test_config.h:47: warning: 'X_CompareAsserts' declared 'static' but never defined
[electronic_engine_control build complete]

**** Build Finished ****

**** Build of configuration Nios II for project electronic_engine_control ****

make all 
Info: Building ../electronic_engine_control_bsp/
make --no-print-directory -C ../electronic_engine_control_bsp/
[BSP build complete]
[electronic_engine_control build complete]

**** Build Finished ****

**** Build of configuration Nios II for project electronic_engine_control ****

make all 
Info: Building ../electronic_engine_control_bsp/
make --no-print-directory -C ../electronic_engine_control_bsp/
[BSP build complete]
Info: Compiling apps_motor_proc.c to obj/default/apps_motor_proc.o
nios2-elf-gcc -xc -MP -MMD -c -I../electronic_engine_control_bsp//UCOSII/inc -I../electronic_engine_control_bsp//HAL/inc -I../electronic_engine_control_bsp/ -I../electronic_engine_control_bsp//drivers/inc  -DSYSTEM_BUS_WIDTH=32 -pipe -D__hal__ -DALT_NO_INSTRUCTION_EMULATION -D__ucosii__    -O0 -g -Wall   -EL -mno-hw-div -mno-hw-mul -mno-hw-mulx  -o obj/default/apps_motor_proc.o apps_motor_proc.c
apps_motor_proc.c: In function 'apps_motor_task':
Info: Compiling solenoid_proc.c to obj/default/solenoid_proc.o
apps_motor_proc.c:133: warning: large integer implicitly truncated to unsigned type
nios2-elf-gcc -xc -MP -MMD -c -I../electronic_engine_control_bsp//UCOSII/inc -I../electronic_engine_control_bsp//HAL/inc -I../electronic_engine_control_bsp/ -I../electronic_engine_control_bsp//drivers/inc  -DSYSTEM_BUS_WIDTH=32 -pipe -D__hal__ -DALT_NO_INSTRUCTION_EMULATION -D__ucosii__    -O0 -g -Wall   -EL -mno-hw-div -mno-hw-mul -mno-hw-mulx  -o obj/default/solenoid_proc.o solenoid_proc.c
apps_motor_proc.c:173: warning: format '%d' expects type 'int', but argument 2 has type 'INT32U'
Info: Compiling tps_proc.c to obj/default/tps_proc.o
apps_motor_proc.c:173: warning: format '%d' expects type 'int', but argument 3 has type 'long unsigned int'
nios2-elf-gcc -xc -MP -MMD -c -I../electronic_engine_control_bsp//UCOSII/inc -I../electronic_engine_control_bsp//HAL/inc -I../electronic_engine_control_bsp/ -I../electronic_engine_control_bsp//drivers/inc  -DSYSTEM_BUS_WIDTH=32 -pipe -D__hal__ -DALT_NO_INSTRUCTION_EMULATION -D__ucosii__    -O0 -g -Wall   -EL -mno-hw-div -mno-hw-mul -mno-hw-mulx  -o obj/default/tps_proc.o tps_proc.c
apps_motor_proc.c:173: warning: format '%d' expects type 'int', but argument 2 has type 'INT32U'
Info: Linking electronic_engine_control.elf
apps_motor_proc.c:173: warning: format '%d' expects type 'int', but argument 3 has type 'long unsigned int'
apps_motor_proc.c:52: warning: unused variable 'err'
nios2-elf-g++  -T'../electronic_engine_control_bsp//linker.x' -msys-crt0='../electronic_engine_control_bsp//obj/HAL/src/crt0.o' -msys-lib=ucosii_bsp -L../electronic_engine_control_bsp/   -Wl,-Map=electronic_engine_control.map   -O0 -g -Wall   -EL -mno-hw-div -mno-hw-mul -mno-hw-mulx  -o electronic_engine_control.elf obj/default/apps_motor_proc.o obj/default/failure_handler_proc.o obj/default/main.o obj/default/solenoid_proc.o obj/default/tests/CuTest.o obj/default/tests/testbench.o obj/default/tps_proc.o obj/default/util.o -lm 
apps_motor_proc.c: In function 'set_new_motor_position':
nios2-elf-insert electronic_engine_control.elf --thread_model ucosii --cpu_name nios2_0 --qsys true --simulation_enabled false --id 0 --sidp 0x4009080 --timestamp 1488924393 --stderr_dev jtag_uart_0 --stdin_dev jtag_uart_0 --stdout_dev jtag_uart_0 --sopc_system_name niosII_system --quartus_project_dir "/afs/ualberta.ca/home/x/u/xuefei1/Desktop/electronic_engine_control" --jdi /afs/ualberta.ca/home/x/u/xuefei1/Desktop/electronic_engine_control/software/electronic_engine_control_bsp/../../electronic_engine_control.jdi --sopcinfo /afs/ualberta.ca/home/x/u/xuefei1/Desktop/electronic_engine_control/software/electronic_engine_control_bsp/../../niosII_system.sopcinfo
apps_motor_proc.c:204: warning: cast to pointer from integer of different size
Info: (electronic_engine_control.elf) 156 KBytes program size (code + initialized data).
apps_motor_proc.c: In function 'apps_value_comp_callback':
Info:                                 32604 KBytes free for stack + heap.
apps_motor_proc.c:215: warning: large integer implicitly truncated to unsigned type
apps_motor_proc.c: At top level:
test_config.h:47: warning: 'X_CompareAsserts' declared 'static' but never defined
solenoid_proc.c: In function 'solenoid_task':
Info: Creating electronic_engine_control.objdump
solenoid_proc.c:97: warning: format '%d' expects type 'int', but argument 2 has type 'INT32U'
nios2-elf-objdump --disassemble --syms --all-header --source electronic_engine_control.elf >electronic_engine_control.objdump
solenoid_proc.c:97: warning: format '%d' expects type 'int', but argument 3 has type 'long unsigned int'
solenoid_proc.c:97: warning: format '%d' expects type 'int', but argument 2 has type 'INT32U'
solenoid_proc.c:97: warning: format '%d' expects type 'int', but argument 3 has type 'long unsigned int'
solenoid_proc.c:38: warning: unused variable 'err'
solenoid_proc.c: At top level:
test_config.h:47: warning: 'X_CompareAsserts' declared 'static' but never defined
tps_proc.c: In function 'tps_task':
tps_proc.c:103: warning: large integer implicitly truncated to unsigned type
tps_proc.c:127: warning: format '%d' expects type 'int', but argument 2 has type 'INT32U'
tps_proc.c:127: warning: format '%d' expects type 'int', but argument 3 has type 'long unsigned int'
tps_proc.c:127: warning: format '%d' expects type 'int', but argument 2 has type 'INT32U'
tps_proc.c:127: warning: format '%d' expects type 'int', but argument 3 has type 'long unsigned int'
tps_proc.c:41: warning: unused variable 'expected_tps_reading_q'
tps_proc.c: In function 'tps_value_comp_callback':
tps_proc.c:140: warning: large integer implicitly truncated to unsigned type
tps_proc.c: At top level:
test_config.h:47: warning: 'X_CompareAsserts' declared 'static' but never defined
[electronic_engine_control build complete]

**** Build Finished ****

**** Build of configuration Nios II for project electronic_engine_control ****

make all 
Info: Building ../electronic_engine_control_bsp/
make --no-print-directory -C ../electronic_engine_control_bsp/
[BSP build complete]
Info: Compiling apps_motor_proc.c to obj/default/apps_motor_proc.o
nios2-elf-gcc -xc -MP -MMD -c -I../electronic_engine_control_bsp//UCOSII/inc -I../electronic_engine_control_bsp//HAL/inc -I../electronic_engine_control_bsp/ -I../electronic_engine_control_bsp//drivers/inc  -DSYSTEM_BUS_WIDTH=32 -pipe -D__hal__ -DALT_NO_INSTRUCTION_EMULATION -D__ucosii__    -O0 -g -Wall   -EL -mno-hw-div -mno-hw-mul -mno-hw-mulx  -o obj/default/apps_motor_proc.o apps_motor_proc.c
apps_motor_proc.c: In function 'apps_motor_task':
Info: Compiling main.c to obj/default/main.o
apps_motor_proc.c:133: warning: large integer implicitly truncated to unsigned type
nios2-elf-gcc -xc -MP -MMD -c -I../electronic_engine_control_bsp//UCOSII/inc -I../electronic_engine_control_bsp//HAL/inc -I../electronic_engine_control_bsp/ -I../electronic_engine_control_bsp//drivers/inc  -DSYSTEM_BUS_WIDTH=32 -pipe -D__hal__ -DALT_NO_INSTRUCTION_EMULATION -D__ucosii__    -O0 -g -Wall   -EL -mno-hw-div -mno-hw-mul -mno-hw-mulx  -o obj/default/main.o main.c
apps_motor_proc.c:173: warning: format '%d' expects type 'int', but argument 2 has type 'INT32U'
Info: Compiling solenoid_proc.c to obj/default/solenoid_proc.o
apps_motor_proc.c:173: warning: format '%d' expects type 'int', but argument 3 has type 'INT32U'
nios2-elf-gcc -xc -MP -MMD -c -I../electronic_engine_control_bsp//UCOSII/inc -I../electronic_engine_control_bsp//HAL/inc -I../electronic_engine_control_bsp/ -I../electronic_engine_control_bsp//drivers/inc  -DSYSTEM_BUS_WIDTH=32 -pipe -D__hal__ -DALT_NO_INSTRUCTION_EMULATION -D__ucosii__    -O0 -g -Wall   -EL -mno-hw-div -mno-hw-mul -mno-hw-mulx  -o obj/default/solenoid_proc.o solenoid_proc.c
apps_motor_proc.c:173: warning: format '%d' expects type 'int', but argument 2 has type 'INT32U'
Info: Compiling tps_proc.c to obj/default/tps_proc.o
apps_motor_proc.c:173: warning: format '%d' expects type 'int', but argument 3 has type 'INT32U'
nios2-elf-gcc -xc -MP -MMD -c -I../electronic_engine_control_bsp//UCOSII/inc -I../electronic_engine_control_bsp//HAL/inc -I../electronic_engine_control_bsp/ -I../electronic_engine_control_bsp//drivers/inc  -DSYSTEM_BUS_WIDTH=32 -pipe -D__hal__ -DALT_NO_INSTRUCTION_EMULATION -D__ucosii__    -O0 -g -Wall   -EL -mno-hw-div -mno-hw-mul -mno-hw-mulx  -o obj/default/tps_proc.o tps_proc.c
apps_motor_proc.c:52: warning: unused variable 'err'
Info: Linking electronic_engine_control.elf
apps_motor_proc.c: In function 'set_new_motor_position':
nios2-elf-g++  -T'../electronic_engine_control_bsp//linker.x' -msys-crt0='../electronic_engine_control_bsp//obj/HAL/src/crt0.o' -msys-lib=ucosii_bsp -L../electronic_engine_control_bsp/   -Wl,-Map=electronic_engine_control.map   -O0 -g -Wall   -EL -mno-hw-div -mno-hw-mul -mno-hw-mulx  -o electronic_engine_control.elf obj/default/apps_motor_proc.o obj/default/failure_handler_proc.o obj/default/main.o obj/default/solenoid_proc.o obj/default/tests/CuTest.o obj/default/tests/testbench.o obj/default/tps_proc.o obj/default/util.o -lm 
apps_motor_proc.c:204: warning: cast to pointer from integer of different size
nios2-elf-insert electronic_engine_control.elf --thread_model ucosii --cpu_name nios2_0 --qsys true --simulation_enabled false --id 0 --sidp 0x4009080 --timestamp 1488924393 --stderr_dev jtag_uart_0 --stdin_dev jtag_uart_0 --stdout_dev jtag_uart_0 --sopc_system_name niosII_system --quartus_project_dir "/afs/ualberta.ca/home/x/u/xuefei1/Desktop/electronic_engine_control" --jdi /afs/ualberta.ca/home/x/u/xuefei1/Desktop/electronic_engine_control/software/electronic_engine_control_bsp/../../electronic_engine_control.jdi --sopcinfo /afs/ualberta.ca/home/x/u/xuefei1/Desktop/electronic_engine_control/software/electronic_engine_control_bsp/../../niosII_system.sopcinfo
apps_motor_proc.c: In function 'apps_value_comp_callback':
apps_motor_proc.c:215: warning: large integer implicitly truncated to unsigned type
apps_motor_proc.c: At top level:
test_config.h:47: warning: 'X_CompareAsserts' declared 'static' but never defined
test_config.h:47: warning: 'X_CompareAsserts' declared 'static' but never defined
solenoid_proc.c: In function 'solenoid_task':
solenoid_proc.c:97: warning: format '%d' expects type 'int', but argument 2 has type 'INT32U'
solenoid_proc.c:97: warning: format '%d' expects type 'int', but argument 3 has type 'INT32U'
solenoid_proc.c:97: warning: format '%d' expects type 'int', but argument 2 has type 'INT32U'
solenoid_proc.c:97: warning: format '%d' expects type 'int', but argument 3 has type 'INT32U'
solenoid_proc.c:38: warning: unused variable 'err'
solenoid_proc.c: At top level:
test_config.h:47: warning: 'X_CompareAsserts' declared 'static' but never defined
tps_proc.c: In function 'tps_task':
tps_proc.c:103: warning: large integer implicitly truncated to unsigned type
tps_proc.c:127: warning: format '%d' expects type 'int', but argument 2 has type 'INT32U'
tps_proc.c:127: warning: format '%d' expects type 'int', but argument 3 has type 'INT32U'
tps_proc.c:127: warning: format '%d' expects type 'int', but argument 2 has type 'INT32U'
tps_proc.c:127: warning: format '%d' expects type 'int', but argument 3 has type 'INT32U'
tps_proc.c:41: warning: unused variable 'expected_tps_reading_q'
tps_proc.c: In function 'tps_value_comp_callback':
tps_proc.c:140: warning: large integer implicitly truncated to unsigned type
tps_proc.c: At top level:
test_config.h:47: warning: 'X_CompareAsserts' declared 'static' but never defined
Info: (electronic_engine_control.elf) 156 KBytes program size (code + initialized data).
Info:                                 32604 KBytes free for stack + heap.
Info: Creating electronic_engine_control.objdump
nios2-elf-objdump --disassemble --syms --all-header --source electronic_engine_control.elf >electronic_engine_control.objdump
[electronic_engine_control build complete]

**** Build Finished ****

**** Build of configuration Nios II for project electronic_engine_control ****

make all 
Info: Building ../electronic_engine_control_bsp/
make --no-print-directory -C ../electronic_engine_control_bsp/
[BSP build complete]
Info: Compiling apps_motor_proc.c to obj/default/apps_motor_proc.o
nios2-elf-gcc -xc -MP -MMD -c -I../electronic_engine_control_bsp//UCOSII/inc -I../electronic_engine_control_bsp//HAL/inc -I../electronic_engine_control_bsp/ -I../electronic_engine_control_bsp//drivers/inc  -DSYSTEM_BUS_WIDTH=32 -pipe -D__hal__ -DALT_NO_INSTRUCTION_EMULATION -D__ucosii__    -O0 -g -Wall   -EL -mno-hw-div -mno-hw-mul -mno-hw-mulx  -o obj/default/apps_motor_proc.o apps_motor_proc.c
apps_motor_proc.c: In function 'apps_motor_task':
Info: Compiling failure_handler_proc.c to obj/default/failure_handler_proc.o
apps_motor_proc.c:133: warning: large integer implicitly truncated to unsigned type
nios2-elf-gcc -xc -MP -MMD -c -I../electronic_engine_control_bsp//UCOSII/inc -I../electronic_engine_control_bsp//HAL/inc -I../electronic_engine_control_bsp/ -I../electronic_engine_control_bsp//drivers/inc  -DSYSTEM_BUS_WIDTH=32 -pipe -D__hal__ -DALT_NO_INSTRUCTION_EMULATION -D__ucosii__    -O0 -g -Wall   -EL -mno-hw-div -mno-hw-mul -mno-hw-mulx  -o obj/default/failure_handler_proc.o failure_handler_proc.c
apps_motor_proc.c:173: warning: format '%d' expects type 'int', but argument 2 has type 'INT32U'
Info: Compiling main.c to obj/default/main.o
apps_motor_proc.c:173: warning: format '%d' expects type 'int', but argument 3 has type 'INT32U'
nios2-elf-gcc -xc -MP -MMD -c -I../electronic_engine_control_bsp//UCOSII/inc -I../electronic_engine_control_bsp//HAL/inc -I../electronic_engine_control_bsp/ -I../electronic_engine_control_bsp//drivers/inc  -DSYSTEM_BUS_WIDTH=32 -pipe -D__hal__ -DALT_NO_INSTRUCTION_EMULATION -D__ucosii__    -O0 -g -Wall   -EL -mno-hw-div -mno-hw-mul -mno-hw-mulx  -o obj/default/main.o main.c
apps_motor_proc.c:173: warning: format '%d' expects type 'int', but argument 2 has type 'INT32U'
Info: Compiling solenoid_proc.c to obj/default/solenoid_proc.o
apps_motor_proc.c:173: warning: format '%d' expects type 'int', but argument 3 has type 'INT32U'
nios2-elf-gcc -xc -MP -MMD -c -I../electronic_engine_control_bsp//UCOSII/inc -I../electronic_engine_control_bsp//HAL/inc -I../electronic_engine_control_bsp/ -I../electronic_engine_control_bsp//drivers/inc  -DSYSTEM_BUS_WIDTH=32 -pipe -D__hal__ -DALT_NO_INSTRUCTION_EMULATION -D__ucosii__    -O0 -g -Wall   -EL -mno-hw-div -mno-hw-mul -mno-hw-mulx  -o obj/default/solenoid_proc.o solenoid_proc.c
apps_motor_proc.c:52: warning: unused variable 'err'
Info: Compiling tps_proc.c to obj/default/tps_proc.o
apps_motor_proc.c: In function 'set_new_motor_position':
nios2-elf-gcc -xc -MP -MMD -c -I../electronic_engine_control_bsp//UCOSII/inc -I../electronic_engine_control_bsp//HAL/inc -I../electronic_engine_control_bsp/ -I../electronic_engine_control_bsp//drivers/inc  -DSYSTEM_BUS_WIDTH=32 -pipe -D__hal__ -DALT_NO_INSTRUCTION_EMULATION -D__ucosii__    -O0 -g -Wall   -EL -mno-hw-div -mno-hw-mul -mno-hw-mulx  -o obj/default/tps_proc.o tps_proc.c
apps_motor_proc.c:204: warning: cast to pointer from integer of different size
Info: Linking electronic_engine_control.elf
apps_motor_proc.c: In function 'apps_value_comp_callback':
nios2-elf-g++  -T'../electronic_engine_control_bsp//linker.x' -msys-crt0='../electronic_engine_control_bsp//obj/HAL/src/crt0.o' -msys-lib=ucosii_bsp -L../electronic_engine_control_bsp/   -Wl,-Map=electronic_engine_control.map   -O0 -g -Wall   -EL -mno-hw-div -mno-hw-mul -mno-hw-mulx  -o electronic_engine_control.elf obj/default/apps_motor_proc.o obj/default/failure_handler_proc.o obj/default/main.o obj/default/solenoid_proc.o obj/default/tests/CuTest.o obj/default/tests/testbench.o obj/default/tps_proc.o obj/default/util.o -lm 
apps_motor_proc.c:215: warning: large integer implicitly truncated to unsigned type
nios2-elf-insert electronic_engine_control.elf --thread_model ucosii --cpu_name nios2_0 --qsys true --simulation_enabled false --id 0 --sidp 0x4009080 --timestamp 1488924393 --stderr_dev jtag_uart_0 --stdin_dev jtag_uart_0 --stdout_dev jtag_uart_0 --sopc_system_name niosII_system --quartus_project_dir "/afs/ualberta.ca/home/x/u/xuefei1/Desktop/electronic_engine_control" --jdi /afs/ualberta.ca/home/x/u/xuefei1/Desktop/electronic_engine_control/software/electronic_engine_control_bsp/../../electronic_engine_control.jdi --sopcinfo /afs/ualberta.ca/home/x/u/xuefei1/Desktop/electronic_engine_control/software/electronic_engine_control_bsp/../../niosII_system.sopcinfo
apps_motor_proc.c: At top level:
Info: (electronic_engine_control.elf) 156 KBytes program size (code + initialized data).
test_config.h:47: warning: 'X_CompareAsserts' declared 'static' but never defined
failure_handler_proc.c: In function 'failure_handler_task':
Info:                                 32604 KBytes free for stack + heap.
failure_handler_proc.c:23: warning: cast from pointer to integer of different size
failure_handler_proc.c: At top level:
Info: Creating electronic_engine_control.objdump
test_config.h:47: warning: 'X_CompareAsserts' declared 'static' but never defined
nios2-elf-objdump --disassemble --syms --all-header --source electronic_engine_control.elf >electronic_engine_control.objdump
test_config.h:47: warning: 'X_CompareAsserts' declared 'static' but never defined
solenoid_proc.c: In function 'solenoid_task':
solenoid_proc.c:97: warning: format '%d' expects type 'int', but argument 2 has type 'INT32U'
solenoid_proc.c:97: warning: format '%d' expects type 'int', but argument 3 has type 'INT32U'
solenoid_proc.c:97: warning: format '%d' expects type 'int', but argument 2 has type 'INT32U'
solenoid_proc.c:97: warning: format '%d' expects type 'int', but argument 3 has type 'INT32U'
solenoid_proc.c:38: warning: unused variable 'err'
solenoid_proc.c: At top level:
test_config.h:47: warning: 'X_CompareAsserts' declared 'static' but never defined
tps_proc.c: In function 'tps_task':
tps_proc.c:103: warning: large integer implicitly truncated to unsigned type
tps_proc.c:127: warning: format '%d' expects type 'int', but argument 2 has type 'INT32U'
[electronic_engine_control build complete]
tps_proc.c:127: warning: format '%d' expects type 'int', but argument 3 has type 'INT32U'
tps_proc.c:127: warning: format '%d' expects type 'int', but argument 2 has type 'INT32U'
tps_proc.c:127: warning: format '%d' expects type 'int', but argument 3 has type 'INT32U'
tps_proc.c:41: warning: unused variable 'expected_tps_reading_q'
tps_proc.c: In function 'tps_value_comp_callback':
tps_proc.c:140: warning: large integer implicitly truncated to unsigned type
tps_proc.c: At top level:
test_config.h:47: warning: 'X_CompareAsserts' declared 'static' but never defined

**** Build Finished ****

**** Build of configuration Nios II for project electronic_engine_control ****

make all 
Info: Building ../electronic_engine_control_bsp/
make --no-print-directory -C ../electronic_engine_control_bsp/
[BSP build complete]
Info: Compiling main.c to obj/default/main.o
nios2-elf-gcc -xc -MP -MMD -c -I../electronic_engine_control_bsp//UCOSII/inc -I../electronic_engine_control_bsp//HAL/inc -I../electronic_engine_control_bsp/ -I../electronic_engine_control_bsp//drivers/inc  -DSYSTEM_BUS_WIDTH=32 -pipe -D__hal__ -DALT_NO_INSTRUCTION_EMULATION -D__ucosii__    -O0 -g -Wall   -EL -mno-hw-div -mno-hw-mul -mno-hw-mulx  -o obj/default/main.o main.c
test_config.h:47: warning: 'X_CompareAsserts' declared 'static' but never defined
Info: Linking electronic_engine_control.elf
nios2-elf-g++  -T'../electronic_engine_control_bsp//linker.x' -msys-crt0='../electronic_engine_control_bsp//obj/HAL/src/crt0.o' -msys-lib=ucosii_bsp -L../electronic_engine_control_bsp/   -Wl,-Map=electronic_engine_control.map   -O0 -g -Wall   -EL -mno-hw-div -mno-hw-mul -mno-hw-mulx  -o electronic_engine_control.elf obj/default/apps_motor_proc.o obj/default/failure_handler_proc.o obj/default/main.o obj/default/solenoid_proc.o obj/default/tests/CuTest.o obj/default/tests/testbench.o obj/default/tps_proc.o obj/default/util.o -lm 
nios2-elf-insert electronic_engine_control.elf --thread_model ucosii --cpu_name nios2_0 --qsys true --simulation_enabled false --id 0 --sidp 0x4009080 --timestamp 1488924393 --stderr_dev jtag_uart_0 --stdin_dev jtag_uart_0 --stdout_dev jtag_uart_0 --sopc_system_name niosII_system --quartus_project_dir "/afs/ualberta.ca/home/x/u/xuefei1/Desktop/electronic_engine_control" --jdi /afs/ualberta.ca/home/x/u/xuefei1/Desktop/electronic_engine_control/software/electronic_engine_control_bsp/../../electronic_engine_control.jdi --sopcinfo /afs/ualberta.ca/home/x/u/xuefei1/Desktop/electronic_engine_control/software/electronic_engine_control_bsp/../../niosII_system.sopcinfo
Info: (electronic_engine_control.elf) 156 KBytes program size (code + initialized data).
Info:                                 32604 KBytes free for stack + heap.
Info: Creating electronic_engine_control.objdump
nios2-elf-objdump --disassemble --syms --all-header --source electronic_engine_control.elf >electronic_engine_control.objdump
[electronic_engine_control build complete]

**** Build Finished ****

**** Build of configuration Nios II for project electronic_engine_control ****

make all 
Info: Building ../electronic_engine_control_bsp/
make --no-print-directory -C ../electronic_engine_control_bsp/
[BSP build complete]
Info: Compiling main.c to obj/default/main.o
nios2-elf-gcc -xc -MP -MMD -c -I../electronic_engine_control_bsp//UCOSII/inc -I../electronic_engine_control_bsp//HAL/inc -I../electronic_engine_control_bsp/ -I../electronic_engine_control_bsp//drivers/inc  -DSYSTEM_BUS_WIDTH=32 -pipe -D__hal__ -DALT_NO_INSTRUCTION_EMULATION -D__ucosii__    -O0 -g -Wall   -EL -mno-hw-div -mno-hw-mul -mno-hw-mulx  -o obj/default/main.o main.c
test_config.h:47: warning: 'X_CompareAsserts' declared 'static' but never defined
Info: Linking electronic_engine_control.elf
nios2-elf-g++  -T'../electronic_engine_control_bsp//linker.x' -msys-crt0='../electronic_engine_control_bsp//obj/HAL/src/crt0.o' -msys-lib=ucosii_bsp -L../electronic_engine_control_bsp/   -Wl,-Map=electronic_engine_control.map   -O0 -g -Wall   -EL -mno-hw-div -mno-hw-mul -mno-hw-mulx  -o electronic_engine_control.elf obj/default/apps_motor_proc.o obj/default/failure_handler_proc.o obj/default/main.o obj/default/solenoid_proc.o obj/default/tests/CuTest.o obj/default/tests/testbench.o obj/default/tps_proc.o obj/default/util.o -lm 
nios2-elf-insert electronic_engine_control.elf --thread_model ucosii --cpu_name nios2_0 --qsys true --simulation_enabled false --id 0 --sidp 0x4009080 --timestamp 1488924393 --stderr_dev jtag_uart_0 --stdin_dev jtag_uart_0 --stdout_dev jtag_uart_0 --sopc_system_name niosII_system --quartus_project_dir "/afs/ualberta.ca/home/x/u/xuefei1/Desktop/electronic_engine_control" --jdi /afs/ualberta.ca/home/x/u/xuefei1/Desktop/electronic_engine_control/software/electronic_engine_control_bsp/../../electronic_engine_control.jdi --sopcinfo /afs/ualberta.ca/home/x/u/xuefei1/Desktop/electronic_engine_control/software/electronic_engine_control_bsp/../../niosII_system.sopcinfo
Info: (electronic_engine_control.elf) 156 KBytes program size (code + initialized data).
Info:                                 32604 KBytes free for stack + heap.
Info: Creating electronic_engine_control.objdump
nios2-elf-objdump --disassemble --syms --all-header --source electronic_engine_control.elf >electronic_engine_control.objdump
[electronic_engine_control build complete]

**** Build Finished ****

**** Build of configuration Nios II for project electronic_engine_control ****

make all 
Info: Building ../electronic_engine_control_bsp/
make --no-print-directory -C ../electronic_engine_control_bsp/
[BSP build complete]
Info: Compiling main.c to obj/default/main.o
nios2-elf-gcc -xc -MP -MMD -c -I../electronic_engine_control_bsp//UCOSII/inc -I../electronic_engine_control_bsp//HAL/inc -I../electronic_engine_control_bsp/ -I../electronic_engine_control_bsp//drivers/inc  -DSYSTEM_BUS_WIDTH=32 -pipe -D__hal__ -DALT_NO_INSTRUCTION_EMULATION -D__ucosii__    -O0 -g -Wall   -EL -mno-hw-div -mno-hw-mul -mno-hw-mulx  -o obj/default/main.o main.c
test_config.h:47: warning: 'X_CompareAsserts' declared 'static' but never defined
Info: Linking electronic_engine_control.elf
nios2-elf-g++  -T'../electronic_engine_control_bsp//linker.x' -msys-crt0='../electronic_engine_control_bsp//obj/HAL/src/crt0.o' -msys-lib=ucosii_bsp -L../electronic_engine_control_bsp/   -Wl,-Map=electronic_engine_control.map   -O0 -g -Wall   -EL -mno-hw-div -mno-hw-mul -mno-hw-mulx  -o electronic_engine_control.elf obj/default/apps_motor_proc.o obj/default/failure_handler_proc.o obj/default/main.o obj/default/solenoid_proc.o obj/default/tests/CuTest.o obj/default/tests/testbench.o obj/default/tps_proc.o obj/default/util.o -lm 
nios2-elf-insert electronic_engine_control.elf --thread_model ucosii --cpu_name nios2_0 --qsys true --simulation_enabled false --id 0 --sidp 0x4009080 --timestamp 1488924393 --stderr_dev jtag_uart_0 --stdin_dev jtag_uart_0 --stdout_dev jtag_uart_0 --sopc_system_name niosII_system --quartus_project_dir "/afs/ualberta.ca/home/x/u/xuefei1/Desktop/electronic_engine_control" --jdi /afs/ualberta.ca/home/x/u/xuefei1/Desktop/electronic_engine_control/software/electronic_engine_control_bsp/../../electronic_engine_control.jdi --sopcinfo /afs/ualberta.ca/home/x/u/xuefei1/Desktop/electronic_engine_control/software/electronic_engine_control_bsp/../../niosII_system.sopcinfo
Info: (electronic_engine_control.elf) 156 KBytes program size (code + initialized data).
Info:                                 32604 KBytes free for stack + heap.
Info: Creating electronic_engine_control.objdump
nios2-elf-objdump --disassemble --syms --all-header --source electronic_engine_control.elf >electronic_engine_control.objdump
[electronic_engine_control build complete]

**** Build Finished ****

**** Build of configuration Nios II for project electronic_engine_control ****

make all 
Info: Building ../electronic_engine_control_bsp/
make --no-print-directory -C ../electronic_engine_control_bsp/
[BSP build complete]
Info: Compiling apps_motor_proc.c to obj/default/apps_motor_proc.o
nios2-elf-gcc -xc -MP -MMD -c -I../electronic_engine_control_bsp//UCOSII/inc -I../electronic_engine_control_bsp//HAL/inc -I../electronic_engine_control_bsp/ -I../electronic_engine_control_bsp//drivers/inc  -DSYSTEM_BUS_WIDTH=32 -pipe -D__hal__ -DALT_NO_INSTRUCTION_EMULATION -D__ucosii__    -O0 -g -Wall   -EL -mno-hw-div -mno-hw-mul -mno-hw-mulx  -o obj/default/apps_motor_proc.o apps_motor_proc.c
apps_motor_proc.c: In function 'apps_motor_task':
Info: Compiling main.c to obj/default/main.o
apps_motor_proc.c:133: warning: large integer implicitly truncated to unsigned type
nios2-elf-gcc -xc -MP -MMD -c -I../electronic_engine_control_bsp//UCOSII/inc -I../electronic_engine_control_bsp//HAL/inc -I../electronic_engine_control_bsp/ -I../electronic_engine_control_bsp//drivers/inc  -DSYSTEM_BUS_WIDTH=32 -pipe -D__hal__ -DALT_NO_INSTRUCTION_EMULATION -D__ucosii__    -O0 -g -Wall   -EL -mno-hw-div -mno-hw-mul -mno-hw-mulx  -o obj/default/main.o main.c
apps_motor_proc.c:173: warning: format '%d' expects type 'int', but argument 2 has type 'INT32U'
Info: Compiling solenoid_proc.c to obj/default/solenoid_proc.o
apps_motor_proc.c:173: warning: format '%d' expects type 'int', but argument 3 has type 'INT32U'
nios2-elf-gcc -xc -MP -MMD -c -I../electronic_engine_control_bsp//UCOSII/inc -I../electronic_engine_control_bsp//HAL/inc -I../electronic_engine_control_bsp/ -I../electronic_engine_control_bsp//drivers/inc  -DSYSTEM_BUS_WIDTH=32 -pipe -D__hal__ -DALT_NO_INSTRUCTION_EMULATION -D__ucosii__    -O0 -g -Wall   -EL -mno-hw-div -mno-hw-mul -mno-hw-mulx  -o obj/default/solenoid_proc.o solenoid_proc.c
apps_motor_proc.c:173: warning: format '%d' expects type 'int', but argument 2 has type 'INT32U'
Info: Compiling tps_proc.c to obj/default/tps_proc.o
apps_motor_proc.c:173: warning: format '%d' expects type 'int', but argument 3 has type 'INT32U'
nios2-elf-gcc -xc -MP -MMD -c -I../electronic_engine_control_bsp//UCOSII/inc -I../electronic_engine_control_bsp//HAL/inc -I../electronic_engine_control_bsp/ -I../electronic_engine_control_bsp//drivers/inc  -DSYSTEM_BUS_WIDTH=32 -pipe -D__hal__ -DALT_NO_INSTRUCTION_EMULATION -D__ucosii__    -O0 -g -Wall   -EL -mno-hw-div -mno-hw-mul -mno-hw-mulx  -o obj/default/tps_proc.o tps_proc.c
Info: Linking electronic_engine_control.elf
apps_motor_proc.c:52: warning: unused variable 'err'
nios2-elf-g++  -T'../electronic_engine_control_bsp//linker.x' -msys-crt0='../electronic_engine_control_bsp//obj/HAL/src/crt0.o' -msys-lib=ucosii_bsp -L../electronic_engine_control_bsp/   -Wl,-Map=electronic_engine_control.map   -O0 -g -Wall   -EL -mno-hw-div -mno-hw-mul -mno-hw-mulx  -o electronic_engine_control.elf obj/default/apps_motor_proc.o obj/default/failure_handler_proc.o obj/default/main.o obj/default/solenoid_proc.o obj/default/tests/CuTest.o obj/default/tests/testbench.o obj/default/tps_proc.o obj/default/util.o -lm 
apps_motor_proc.c: In function 'set_new_motor_position':
nios2-elf-insert electronic_engine_control.elf --thread_model ucosii --cpu_name nios2_0 --qsys true --simulation_enabled false --id 0 --sidp 0x4009080 --timestamp 1488924393 --stderr_dev jtag_uart_0 --stdin_dev jtag_uart_0 --stdout_dev jtag_uart_0 --sopc_system_name niosII_system --quartus_project_dir "/afs/ualberta.ca/home/x/u/xuefei1/Desktop/electronic_engine_control" --jdi /afs/ualberta.ca/home/x/u/xuefei1/Desktop/electronic_engine_control/software/electronic_engine_control_bsp/../../electronic_engine_control.jdi --sopcinfo /afs/ualberta.ca/home/x/u/xuefei1/Desktop/electronic_engine_control/software/electronic_engine_control_bsp/../../niosII_system.sopcinfo
apps_motor_proc.c:204: warning: cast to pointer from integer of different size
Info: (electronic_engine_control.elf) 156 KBytes program size (code + initialized data).
apps_motor_proc.c: In function 'apps_value_comp_callback':
Info:                                 32604 KBytes free for stack + heap.
apps_motor_proc.c:215: warning: large integer implicitly truncated to unsigned type
apps_motor_proc.c: At top level:
Info: Creating electronic_engine_control.objdump
test_config.h:47: warning: 'X_CompareAsserts' declared 'static' but never defined
nios2-elf-objdump --disassemble --syms --all-header --source electronic_engine_control.elf >electronic_engine_control.objdump
test_config.h:47: warning: 'X_CompareAsserts' declared 'static' but never defined
solenoid_proc.c: In function 'solenoid_task':
solenoid_proc.c:97: warning: format '%d' expects type 'int', but argument 2 has type 'INT32U'
solenoid_proc.c:97: warning: format '%d' expects type 'int', but argument 3 has type 'INT32U'
solenoid_proc.c:97: warning: format '%d' expects type 'int', but argument 2 has type 'INT32U'
solenoid_proc.c:97: warning: format '%d' expects type 'int', but argument 3 has type 'INT32U'
solenoid_proc.c:38: warning: unused variable 'err'
solenoid_proc.c: At top level:
test_config.h:47: warning: 'X_CompareAsserts' declared 'static' but never defined
tps_proc.c: In function 'tps_task':
tps_proc.c:103: warning: large integer implicitly truncated to unsigned type
tps_proc.c:127: warning: format '%d' expects type 'int', but argument 2 has type 'INT32U'
tps_proc.c:127: warning: format '%d' expects type 'int', but argument 3 has type 'INT32U'
tps_proc.c:127: warning: format '%d' expects type 'int', but argument 2 has type 'INT32U'
tps_proc.c:127: warning: format '%d' expects type 'int', but argument 3 has type 'INT32U'
tps_proc.c:41: warning: unused variable 'expected_tps_reading_q'
tps_proc.c: In function 'tps_value_comp_callback':
tps_proc.c:140: warning: large integer implicitly truncated to unsigned type
tps_proc.c: At top level:
test_config.h:47: warning: 'X_CompareAsserts' declared 'static' but never defined
[electronic_engine_control build complete]

**** Build Finished ****

**** Build of configuration Nios II for project electronic_engine_control ****

make all 
Info: Building ../electronic_engine_control_bsp/
make --no-print-directory -C ../electronic_engine_control_bsp/
[BSP build complete]
Info: Compiling main.c to obj/default/main.o
nios2-elf-gcc -xc -MP -MMD -c -I../electronic_engine_control_bsp//UCOSII/inc -I../electronic_engine_control_bsp//HAL/inc -I../electronic_engine_control_bsp/ -I../electronic_engine_control_bsp//drivers/inc  -DSYSTEM_BUS_WIDTH=32 -pipe -D__hal__ -DALT_NO_INSTRUCTION_EMULATION -D__ucosii__    -O0 -g -Wall   -EL -mno-hw-div -mno-hw-mul -mno-hw-mulx  -o obj/default/main.o main.c
test_config.h:47: warning: 'X_CompareAsserts' declared 'static' but never defined
Info: Linking electronic_engine_control.elf
nios2-elf-g++  -T'../electronic_engine_control_bsp//linker.x' -msys-crt0='../electronic_engine_control_bsp//obj/HAL/src/crt0.o' -msys-lib=ucosii_bsp -L../electronic_engine_control_bsp/   -Wl,-Map=electronic_engine_control.map   -O0 -g -Wall   -EL -mno-hw-div -mno-hw-mul -mno-hw-mulx  -o electronic_engine_control.elf obj/default/apps_motor_proc.o obj/default/failure_handler_proc.o obj/default/main.o obj/default/solenoid_proc.o obj/default/tests/CuTest.o obj/default/tests/testbench.o obj/default/tps_proc.o obj/default/util.o -lm 
nios2-elf-insert electronic_engine_control.elf --thread_model ucosii --cpu_name nios2_0 --qsys true --simulation_enabled false --id 0 --sidp 0x4009080 --timestamp 1488924393 --stderr_dev jtag_uart_0 --stdin_dev jtag_uart_0 --stdout_dev jtag_uart_0 --sopc_system_name niosII_system --quartus_project_dir "/afs/ualberta.ca/home/x/u/xuefei1/Desktop/electronic_engine_control" --jdi /afs/ualberta.ca/home/x/u/xuefei1/Desktop/electronic_engine_control/software/electronic_engine_control_bsp/../../electronic_engine_control.jdi --sopcinfo /afs/ualberta.ca/home/x/u/xuefei1/Desktop/electronic_engine_control/software/electronic_engine_control_bsp/../../niosII_system.sopcinfo
Info: (electronic_engine_control.elf) 156 KBytes program size (code + initialized data).
Info:                                 32604 KBytes free for stack + heap.
Info: Creating electronic_engine_control.objdump
nios2-elf-objdump --disassemble --syms --all-header --source electronic_engine_control.elf >electronic_engine_control.objdump
[electronic_engine_control build complete]

**** Build Finished ****

**** Build of configuration Nios II for project electronic_engine_control ****

make all 
Info: Building ../electronic_engine_control_bsp/
make --no-print-directory -C ../electronic_engine_control_bsp/
[BSP build complete]
Info: Compiling main.c to obj/default/main.o
nios2-elf-gcc -xc -MP -MMD -c -I../electronic_engine_control_bsp//UCOSII/inc -I../electronic_engine_control_bsp//HAL/inc -I../electronic_engine_control_bsp/ -I../electronic_engine_control_bsp//drivers/inc  -DSYSTEM_BUS_WIDTH=32 -pipe -D__hal__ -DALT_NO_INSTRUCTION_EMULATION -D__ucosii__    -O0 -g -Wall   -EL -mno-hw-div -mno-hw-mul -mno-hw-mulx  -o obj/default/main.o main.c
test_config.h:47: warning: 'X_CompareAsserts' declared 'static' but never defined
Info: Linking electronic_engine_control.elf
nios2-elf-g++  -T'../electronic_engine_control_bsp//linker.x' -msys-crt0='../electronic_engine_control_bsp//obj/HAL/src/crt0.o' -msys-lib=ucosii_bsp -L../electronic_engine_control_bsp/   -Wl,-Map=electronic_engine_control.map   -O0 -g -Wall   -EL -mno-hw-div -mno-hw-mul -mno-hw-mulx  -o electronic_engine_control.elf obj/default/apps_motor_proc.o obj/default/failure_handler_proc.o obj/default/main.o obj/default/solenoid_proc.o obj/default/tests/CuTest.o obj/default/tests/testbench.o obj/default/tps_proc.o obj/default/util.o -lm 
nios2-elf-insert electronic_engine_control.elf --thread_model ucosii --cpu_name nios2_0 --qsys true --simulation_enabled false --id 0 --sidp 0x4009080 --timestamp 1488924393 --stderr_dev jtag_uart_0 --stdin_dev jtag_uart_0 --stdout_dev jtag_uart_0 --sopc_system_name niosII_system --quartus_project_dir "/afs/ualberta.ca/home/x/u/xuefei1/Desktop/electronic_engine_control" --jdi /afs/ualberta.ca/home/x/u/xuefei1/Desktop/electronic_engine_control/software/electronic_engine_control_bsp/../../electronic_engine_control.jdi --sopcinfo /afs/ualberta.ca/home/x/u/xuefei1/Desktop/electronic_engine_control/software/electronic_engine_control_bsp/../../niosII_system.sopcinfo
Info: (electronic_engine_control.elf) 156 KBytes program size (code + initialized data).
Info:                                 32604 KBytes free for stack + heap.
Info: Creating electronic_engine_control.objdump
nios2-elf-objdump --disassemble --syms --all-header --source electronic_engine_control.elf >electronic_engine_control.objdump
[electronic_engine_control build complete]

**** Build Finished ****

**** Build of configuration Nios II for project electronic_engine_control ****

make all 
Info: Building ../electronic_engine_control_bsp/
make --no-print-directory -C ../electronic_engine_control_bsp/
[BSP build complete]
Info: Compiling main.c to obj/default/main.o
nios2-elf-gcc -xc -MP -MMD -c -I../electronic_engine_control_bsp//UCOSII/inc -I../electronic_engine_control_bsp//HAL/inc -I../electronic_engine_control_bsp/ -I../electronic_engine_control_bsp//drivers/inc  -DSYSTEM_BUS_WIDTH=32 -pipe -D__hal__ -DALT_NO_INSTRUCTION_EMULATION -D__ucosii__    -O0 -g -Wall   -EL -mno-hw-div -mno-hw-mul -mno-hw-mulx  -o obj/default/main.o main.c
test_config.h:47: warning: 'X_CompareAsserts' declared 'static' but never defined
Info: Linking electronic_engine_control.elf
nios2-elf-g++  -T'../electronic_engine_control_bsp//linker.x' -msys-crt0='../electronic_engine_control_bsp//obj/HAL/src/crt0.o' -msys-lib=ucosii_bsp -L../electronic_engine_control_bsp/   -Wl,-Map=electronic_engine_control.map   -O0 -g -Wall   -EL -mno-hw-div -mno-hw-mul -mno-hw-mulx  -o electronic_engine_control.elf obj/default/apps_motor_proc.o obj/default/failure_handler_proc.o obj/default/main.o obj/default/solenoid_proc.o obj/default/tests/CuTest.o obj/default/tests/testbench.o obj/default/tps_proc.o obj/default/util.o -lm 
nios2-elf-insert electronic_engine_control.elf --thread_model ucosii --cpu_name nios2_0 --qsys true --simulation_enabled false --id 0 --sidp 0x4009080 --timestamp 1488924393 --stderr_dev jtag_uart_0 --stdin_dev jtag_uart_0 --stdout_dev jtag_uart_0 --sopc_system_name niosII_system --quartus_project_dir "/afs/ualberta.ca/home/x/u/xuefei1/Desktop/electronic_engine_control" --jdi /afs/ualberta.ca/home/x/u/xuefei1/Desktop/electronic_engine_control/software/electronic_engine_control_bsp/../../electronic_engine_control.jdi --sopcinfo /afs/ualberta.ca/home/x/u/xuefei1/Desktop/electronic_engine_control/software/electronic_engine_control_bsp/../../niosII_system.sopcinfo
Info: (electronic_engine_control.elf) 156 KBytes program size (code + initialized data).
Info:                                 32604 KBytes free for stack + heap.
Info: Creating electronic_engine_control.objdump
nios2-elf-objdump --disassemble --syms --all-header --source electronic_engine_control.elf >electronic_engine_control.objdump
[electronic_engine_control build complete]

**** Build Finished ****

**** Build of configuration Nios II for project electronic_engine_control ****

make all 
Info: Building ../electronic_engine_control_bsp/
make --no-print-directory -C ../electronic_engine_control_bsp/
[BSP build complete]
[electronic_engine_control build complete]

**** Build Finished ****

**** Build of configuration Nios II for project electronic_engine_control ****

make all 
Info: Building ../electronic_engine_control_bsp/
make --no-print-directory -C ../electronic_engine_control_bsp/
[BSP build complete]
Info: Linking electronic_engine_control.elf
nios2-elf-g++  -T'../electronic_engine_control_bsp//linker.x' -msys-crt0='../electronic_engine_control_bsp//obj/HAL/src/crt0.o' -msys-lib=ucosii_bsp -L../electronic_engine_control_bsp/   -Wl,-Map=electronic_engine_control.map   -O0 -g -Wall   -EL -mno-hw-div -mno-hw-mul -mno-hw-mulx  -o electronic_engine_control.elf obj/default/apps_motor_proc.o obj/default/failure_handler_proc.o obj/default/main.o obj/default/solenoid_proc.o obj/default/tests/CuTest.o obj/default/tests/testbench.o obj/default/tps_proc.o obj/default/util.o -lm 
nios2-elf-insert electronic_engine_control.elf --thread_model ucosii --cpu_name nios2_0 --qsys true --simulation_enabled false --id 0 --sidp 0x4009080 --timestamp 1488924393 --stderr_dev jtag_uart_0 --stdin_dev jtag_uart_0 --stdout_dev jtag_uart_0 --sopc_system_name niosII_system --quartus_project_dir "/afs/ualberta.ca/home/x/u/xuefei1/Desktop/electronic_engine_control" --jdi /afs/ualberta.ca/home/x/u/xuefei1/Desktop/electronic_engine_control/software/electronic_engine_control_bsp/../../electronic_engine_control.jdi --sopcinfo /afs/ualberta.ca/home/x/u/xuefei1/Desktop/electronic_engine_control/software/electronic_engine_control_bsp/../../niosII_system.sopcinfo
Info: (electronic_engine_control.elf) 156 KBytes program size (code + initialized data).
Info:                                 32604 KBytes free for stack + heap.
Info: Creating electronic_engine_control.objdump
nios2-elf-objdump --disassemble --syms --all-header --source electronic_engine_control.elf >electronic_engine_control.objdump
[electronic_engine_control build complete]

**** Build Finished ****

**** Build of configuration Nios II for project electronic_engine_control ****

make all 
Info: Building ../electronic_engine_control_bsp/
make --no-print-directory -C ../electronic_engine_control_bsp/
[BSP build complete]
Info: Compiling tps_proc.c to obj/default/tps_proc.o
nios2-elf-gcc -xc -MP -MMD -c -I../electronic_engine_control_bsp//UCOSII/inc -I../electronic_engine_control_bsp//HAL/inc -I../electronic_engine_control_bsp/ -I../electronic_engine_control_bsp//drivers/inc  -DSYSTEM_BUS_WIDTH=32 -pipe -D__hal__ -DALT_NO_INSTRUCTION_EMULATION -D__ucosii__    -O0 -g -Wall   -EL -mno-hw-div -mno-hw-mul -mno-hw-mulx  -o obj/default/tps_proc.o tps_proc.c
tps_proc.c: In function 'tps_task':
Info: Linking electronic_engine_control.elf
tps_proc.c:105: warning: large integer implicitly truncated to unsigned type
nios2-elf-g++  -T'../electronic_engine_control_bsp//linker.x' -msys-crt0='../electronic_engine_control_bsp//obj/HAL/src/crt0.o' -msys-lib=ucosii_bsp -L../electronic_engine_control_bsp/   -Wl,-Map=electronic_engine_control.map   -O0 -g -Wall   -EL -mno-hw-div -mno-hw-mul -mno-hw-mulx  -o electronic_engine_control.elf obj/default/apps_motor_proc.o obj/default/failure_handler_proc.o obj/default/main.o obj/default/solenoid_proc.o obj/default/tests/CuTest.o obj/default/tests/testbench.o obj/default/tps_proc.o obj/default/util.o -lm 
tps_proc.c:129: warning: format '%d' expects type 'int', but argument 2 has type 'INT32U'
nios2-elf-insert electronic_engine_control.elf --thread_model ucosii --cpu_name nios2_0 --qsys true --simulation_enabled false --id 0 --sidp 0x4009080 --timestamp 1488924393 --stderr_dev jtag_uart_0 --stdin_dev jtag_uart_0 --stdout_dev jtag_uart_0 --sopc_system_name niosII_system --quartus_project_dir "/afs/ualberta.ca/home/x/u/xuefei1/Desktop/electronic_engine_control" --jdi /afs/ualberta.ca/home/x/u/xuefei1/Desktop/electronic_engine_control/software/electronic_engine_control_bsp/../../electronic_engine_control.jdi --sopcinfo /afs/ualberta.ca/home/x/u/xuefei1/Desktop/electronic_engine_control/software/electronic_engine_control_bsp/../../niosII_system.sopcinfo
tps_proc.c:129: warning: format '%d' expects type 'int', but argument 3 has type 'INT32U'
tps_proc.c:129: warning: format '%d' expects type 'int', but argument 2 has type 'INT32U'
tps_proc.c:129: warning: format '%d' expects type 'int', but argument 3 has type 'INT32U'
tps_proc.c:41: warning: unused variable 'expected_tps_reading_q'
tps_proc.c:37: warning: unused variable 'err'
tps_proc.c: In function 'tps_value_comp_callback':
tps_proc.c:142: warning: large integer implicitly truncated to unsigned type
tps_proc.c: At top level:
test_config.h:47: warning: 'X_CompareAsserts' declared 'static' but never defined
Info: (electronic_engine_control.elf) 156 KBytes program size (code + initialized data).
Info:                                 32605 KBytes free for stack + heap.
Info: Creating electronic_engine_control.objdump
nios2-elf-objdump --disassemble --syms --all-header --source electronic_engine_control.elf >electronic_engine_control.objdump
[electronic_engine_control build complete]

**** Build Finished ****

**** Build of configuration Nios II for project electronic_engine_control ****

make all 
Info: Building ../electronic_engine_control_bsp/
make --no-print-directory -C ../electronic_engine_control_bsp/
[BSP build complete]
Info: Compiling apps_motor_proc.c to obj/default/apps_motor_proc.o
nios2-elf-gcc -xc -MP -MMD -c -I../electronic_engine_control_bsp//UCOSII/inc -I../electronic_engine_control_bsp//HAL/inc -I../electronic_engine_control_bsp/ -I../electronic_engine_control_bsp//drivers/inc  -DSYSTEM_BUS_WIDTH=32 -pipe -D__hal__ -DALT_NO_INSTRUCTION_EMULATION -D__ucosii__    -O0 -g -Wall   -EL -mno-hw-div -mno-hw-mul -mno-hw-mulx  -o obj/default/apps_motor_proc.o apps_motor_proc.c
apps_motor_proc.c: In function 'apps_motor_task':
Info: Compiling solenoid_proc.c to obj/default/solenoid_proc.o
apps_motor_proc.c:133: warning: large integer implicitly truncated to unsigned type
nios2-elf-gcc -xc -MP -MMD -c -I../electronic_engine_control_bsp//UCOSII/inc -I../electronic_engine_control_bsp//HAL/inc -I../electronic_engine_control_bsp/ -I../electronic_engine_control_bsp//drivers/inc  -DSYSTEM_BUS_WIDTH=32 -pipe -D__hal__ -DALT_NO_INSTRUCTION_EMULATION -D__ucosii__    -O0 -g -Wall   -EL -mno-hw-div -mno-hw-mul -mno-hw-mulx  -o obj/default/solenoid_proc.o solenoid_proc.c
apps_motor_proc.c:169: warning: format '%d' expects type 'int', but argument 2 has type 'INT32U'
Info: Linking electronic_engine_control.elf
apps_motor_proc.c:169: warning: format '%d' expects type 'int', but argument 3 has type 'INT32U'
nios2-elf-g++  -T'../electronic_engine_control_bsp//linker.x' -msys-crt0='../electronic_engine_control_bsp//obj/HAL/src/crt0.o' -msys-lib=ucosii_bsp -L../electronic_engine_control_bsp/   -Wl,-Map=electronic_engine_control.map   -O0 -g -Wall   -EL -mno-hw-div -mno-hw-mul -mno-hw-mulx  -o electronic_engine_control.elf obj/default/apps_motor_proc.o obj/default/failure_handler_proc.o obj/default/main.o obj/default/solenoid_proc.o obj/default/tests/CuTest.o obj/default/tests/testbench.o obj/default/tps_proc.o obj/default/util.o -lm 
apps_motor_proc.c:169: warning: format '%d' expects type 'int', but argument 2 has type 'INT32U'
nios2-elf-insert electronic_engine_control.elf --thread_model ucosii --cpu_name nios2_0 --qsys true --simulation_enabled false --id 0 --sidp 0x4009080 --timestamp 1488924393 --stderr_dev jtag_uart_0 --stdin_dev jtag_uart_0 --stdout_dev jtag_uart_0 --sopc_system_name niosII_system --quartus_project_dir "/afs/ualberta.ca/home/x/u/xuefei1/Desktop/electronic_engine_control" --jdi /afs/ualberta.ca/home/x/u/xuefei1/Desktop/electronic_engine_control/software/electronic_engine_control_bsp/../../electronic_engine_control.jdi --sopcinfo /afs/ualberta.ca/home/x/u/xuefei1/Desktop/electronic_engine_control/software/electronic_engine_control_bsp/../../niosII_system.sopcinfo
apps_motor_proc.c:169: warning: format '%d' expects type 'int', but argument 3 has type 'INT32U'
apps_motor_proc.c:52: warning: unused variable 'err'
apps_motor_proc.c: In function 'set_new_motor_position':
apps_motor_proc.c:200: warning: cast to pointer from integer of different size
apps_motor_proc.c: In function 'apps_value_comp_callback':
apps_motor_proc.c:211: warning: large integer implicitly truncated to unsigned type
apps_motor_proc.c: At top level:
test_config.h:47: warning: 'X_CompareAsserts' declared 'static' but never defined
solenoid_proc.c: In function 'solenoid_task':
solenoid_proc.c:93: warning: format '%d' expects type 'int', but argument 2 has type 'INT32U'
solenoid_proc.c:93: warning: format '%d' expects type 'int', but argument 3 has type 'INT32U'
solenoid_proc.c:93: warning: format '%d' expects type 'int', but argument 2 has type 'INT32U'
solenoid_proc.c:93: warning: format '%d' expects type 'int', but argument 3 has type 'INT32U'
solenoid_proc.c:38: warning: unused variable 'err'
solenoid_proc.c: At top level:
test_config.h:47: warning: 'X_CompareAsserts' declared 'static' but never defined
Info: (electronic_engine_control.elf) 156 KBytes program size (code + initialized data).
Info:                                 32605 KBytes free for stack + heap.
Info: Creating electronic_engine_control.objdump
nios2-elf-objdump --disassemble --syms --all-header --source electronic_engine_control.elf >electronic_engine_control.objdump
[electronic_engine_control build complete]

**** Build Finished ****

**** Build of configuration Nios II for project electronic_engine_control ****

make all 
Info: Building ../electronic_engine_control_bsp/
make --no-print-directory -C ../electronic_engine_control_bsp/
[BSP build complete]
Info: Compiling main.c to obj/default/main.o
nios2-elf-gcc -xc -MP -MMD -c -I../electronic_engine_control_bsp//UCOSII/inc -I../electronic_engine_control_bsp//HAL/inc -I../electronic_engine_control_bsp/ -I../electronic_engine_control_bsp//drivers/inc  -DSYSTEM_BUS_WIDTH=32 -pipe -D__hal__ -DALT_NO_INSTRUCTION_EMULATION -D__ucosii__    -O0 -g -Wall   -EL -mno-hw-div -mno-hw-mul -mno-hw-mulx  -o obj/default/main.o main.c
test_config.h:47: warning: 'X_CompareAsserts' declared 'static' but never defined
Info: Linking electronic_engine_control.elf
nios2-elf-g++  -T'../electronic_engine_control_bsp//linker.x' -msys-crt0='../electronic_engine_control_bsp//obj/HAL/src/crt0.o' -msys-lib=ucosii_bsp -L../electronic_engine_control_bsp/   -Wl,-Map=electronic_engine_control.map   -O0 -g -Wall   -EL -mno-hw-div -mno-hw-mul -mno-hw-mulx  -o electronic_engine_control.elf obj/default/apps_motor_proc.o obj/default/failure_handler_proc.o obj/default/main.o obj/default/solenoid_proc.o obj/default/tests/CuTest.o obj/default/tests/testbench.o obj/default/tps_proc.o obj/default/util.o -lm 
nios2-elf-insert electronic_engine_control.elf --thread_model ucosii --cpu_name nios2_0 --qsys true --simulation_enabled false --id 0 --sidp 0x4009080 --timestamp 1488924393 --stderr_dev jtag_uart_0 --stdin_dev jtag_uart_0 --stdout_dev jtag_uart_0 --sopc_system_name niosII_system --quartus_project_dir "/afs/ualberta.ca/home/x/u/xuefei1/Desktop/electronic_engine_control" --jdi /afs/ualberta.ca/home/x/u/xuefei1/Desktop/electronic_engine_control/software/electronic_engine_control_bsp/../../electronic_engine_control.jdi --sopcinfo /afs/ualberta.ca/home/x/u/xuefei1/Desktop/electronic_engine_control/software/electronic_engine_control_bsp/../../niosII_system.sopcinfo
Info: (electronic_engine_control.elf) 156 KBytes program size (code + initialized data).
Info:                                 32605 KBytes free for stack + heap.
Info: Creating electronic_engine_control.objdump
nios2-elf-objdump --disassemble --syms --all-header --source electronic_engine_control.elf >electronic_engine_control.objdump
[electronic_engine_control build complete]

**** Build Finished ****

**** Build of configuration Nios II for project electronic_engine_control ****

make all 
Info: Building ../electronic_engine_control_bsp/
make --no-print-directory -C ../electronic_engine_control_bsp/
[BSP build complete]
Info: Compiling main.c to obj/default/main.o
nios2-elf-gcc -xc -MP -MMD -c -I../electronic_engine_control_bsp//UCOSII/inc -I../electronic_engine_control_bsp//HAL/inc -I../electronic_engine_control_bsp/ -I../electronic_engine_control_bsp//drivers/inc  -DSYSTEM_BUS_WIDTH=32 -pipe -D__hal__ -DALT_NO_INSTRUCTION_EMULATION -D__ucosii__    -O0 -g -Wall   -EL -mno-hw-div -mno-hw-mul -mno-hw-mulx  -o obj/default/main.o main.c
test_config.h:47: warning: 'X_CompareAsserts' declared 'static' but never defined
Info: Linking electronic_engine_control.elf
nios2-elf-g++  -T'../electronic_engine_control_bsp//linker.x' -msys-crt0='../electronic_engine_control_bsp//obj/HAL/src/crt0.o' -msys-lib=ucosii_bsp -L../electronic_engine_control_bsp/   -Wl,-Map=electronic_engine_control.map   -O0 -g -Wall   -EL -mno-hw-div -mno-hw-mul -mno-hw-mulx  -o electronic_engine_control.elf obj/default/apps_motor_proc.o obj/default/failure_handler_proc.o obj/default/main.o obj/default/solenoid_proc.o obj/default/tests/CuTest.o obj/default/tests/testbench.o obj/default/tps_proc.o obj/default/util.o -lm 
nios2-elf-insert electronic_engine_control.elf --thread_model ucosii --cpu_name nios2_0 --qsys true --simulation_enabled false --id 0 --sidp 0x4009080 --timestamp 1488924393 --stderr_dev jtag_uart_0 --stdin_dev jtag_uart_0 --stdout_dev jtag_uart_0 --sopc_system_name niosII_system --quartus_project_dir "/afs/ualberta.ca/home/x/u/xuefei1/Desktop/electronic_engine_control" --jdi /afs/ualberta.ca/home/x/u/xuefei1/Desktop/electronic_engine_control/software/electronic_engine_control_bsp/../../electronic_engine_control.jdi --sopcinfo /afs/ualberta.ca/home/x/u/xuefei1/Desktop/electronic_engine_control/software/electronic_engine_control_bsp/../../niosII_system.sopcinfo
Info: (electronic_engine_control.elf) 156 KBytes program size (code + initialized data).
Info:                                 32605 KBytes free for stack + heap.
Info: Creating electronic_engine_control.objdump
nios2-elf-objdump --disassemble --syms --all-header --source electronic_engine_control.elf >electronic_engine_control.objdump
[electronic_engine_control build complete]

**** Build Finished ****

**** Build of configuration Nios II for project electronic_engine_control ****

make all 
Info: Building ../electronic_engine_control_bsp/
make --no-print-directory -C ../electronic_engine_control_bsp/
[BSP build complete]
[electronic_engine_control build complete]

**** Build Finished ****

**** Build of configuration Nios II for project electronic_engine_control ****

make all 
Info: Building ../electronic_engine_control_bsp/
make --no-print-directory -C ../electronic_engine_control_bsp/
[BSP build complete]
Info: Compiling main.c to obj/default/main.o
nios2-elf-gcc -xc -MP -MMD -c -I../electronic_engine_control_bsp//UCOSII/inc -I../electronic_engine_control_bsp//HAL/inc -I../electronic_engine_control_bsp/ -I../electronic_engine_control_bsp//drivers/inc  -DSYSTEM_BUS_WIDTH=32 -pipe -D__hal__ -DALT_NO_INSTRUCTION_EMULATION -D__ucosii__    -O0 -g -Wall   -EL -mno-hw-div -mno-hw-mul -mno-hw-mulx  -o obj/default/main.o main.c
test_config.h:47: warning: 'X_CompareAsserts' declared 'static' but never defined
Info: Linking electronic_engine_control.elf
nios2-elf-g++  -T'../electronic_engine_control_bsp//linker.x' -msys-crt0='../electronic_engine_control_bsp//obj/HAL/src/crt0.o' -msys-lib=ucosii_bsp -L../electronic_engine_control_bsp/   -Wl,-Map=electronic_engine_control.map   -O0 -g -Wall   -EL -mno-hw-div -mno-hw-mul -mno-hw-mulx  -o electronic_engine_control.elf obj/default/apps_motor_proc.o obj/default/failure_handler_proc.o obj/default/main.o obj/default/solenoid_proc.o obj/default/tests/CuTest.o obj/default/tests/testbench.o obj/default/tps_proc.o obj/default/util.o -lm 
nios2-elf-insert electronic_engine_control.elf --thread_model ucosii --cpu_name nios2_0 --qsys true --simulation_enabled false --id 0 --sidp 0x4009080 --timestamp 1488924393 --stderr_dev jtag_uart_0 --stdin_dev jtag_uart_0 --stdout_dev jtag_uart_0 --sopc_system_name niosII_system --quartus_project_dir "/afs/ualberta.ca/home/x/u/xuefei1/Desktop/electronic_engine_control" --jdi /afs/ualberta.ca/home/x/u/xuefei1/Desktop/electronic_engine_control/software/electronic_engine_control_bsp/../../electronic_engine_control.jdi --sopcinfo /afs/ualberta.ca/home/x/u/xuefei1/Desktop/electronic_engine_control/software/electronic_engine_control_bsp/../../niosII_system.sopcinfo
Info: (electronic_engine_control.elf) 156 KBytes program size (code + initialized data).
Info:                                 32604 KBytes free for stack + heap.
Info: Creating electronic_engine_control.objdump
nios2-elf-objdump --disassemble --syms --all-header --source electronic_engine_control.elf >electronic_engine_control.objdump
[electronic_engine_control build complete]

**** Build Finished ****

**** Build of configuration Nios II for project electronic_engine_control ****

make all 
Info: Building ../electronic_engine_control_bsp/
make --no-print-directory -C ../electronic_engine_control_bsp/
[BSP build complete]
Info: Compiling apps_motor_proc.c to obj/default/apps_motor_proc.o
nios2-elf-gcc -xc -MP -MMD -c -I../electronic_engine_control_bsp//UCOSII/inc -I../electronic_engine_control_bsp//HAL/inc -I../electronic_engine_control_bsp/ -I../electronic_engine_control_bsp//drivers/inc  -DSYSTEM_BUS_WIDTH=32 -pipe -D__hal__ -DALT_NO_INSTRUCTION_EMULATION -D__ucosii__    -O0 -g -Wall   -EL -mno-hw-div -mno-hw-mul -mno-hw-mulx  -o obj/default/apps_motor_proc.o apps_motor_proc.c
apps_motor_proc.c: In function 'apps_motor_task':
Info: Compiling main.c to obj/default/main.o
apps_motor_proc.c:133: warning: large integer implicitly truncated to unsigned type
nios2-elf-gcc -xc -MP -MMD -c -I../electronic_engine_control_bsp//UCOSII/inc -I../electronic_engine_control_bsp//HAL/inc -I../electronic_engine_control_bsp/ -I../electronic_engine_control_bsp//drivers/inc  -DSYSTEM_BUS_WIDTH=32 -pipe -D__hal__ -DALT_NO_INSTRUCTION_EMULATION -D__ucosii__    -O0 -g -Wall   -EL -mno-hw-div -mno-hw-mul -mno-hw-mulx  -o obj/default/main.o main.c
apps_motor_proc.c:169: warning: format '%d' expects type 'int', but argument 2 has type 'INT32U'
Info: Compiling solenoid_proc.c to obj/default/solenoid_proc.o
apps_motor_proc.c:169: warning: format '%d' expects type 'int', but argument 3 has type 'INT32U'
nios2-elf-gcc -xc -MP -MMD -c -I../electronic_engine_control_bsp//UCOSII/inc -I../electronic_engine_control_bsp//HAL/inc -I../electronic_engine_control_bsp/ -I../electronic_engine_control_bsp//drivers/inc  -DSYSTEM_BUS_WIDTH=32 -pipe -D__hal__ -DALT_NO_INSTRUCTION_EMULATION -D__ucosii__    -O0 -g -Wall   -EL -mno-hw-div -mno-hw-mul -mno-hw-mulx  -o obj/default/solenoid_proc.o solenoid_proc.c
apps_motor_proc.c:169: warning: format '%d' expects type 'int', but argument 2 has type 'INT32U'
Info: Compiling tps_proc.c to obj/default/tps_proc.o
apps_motor_proc.c:169: warning: format '%d' expects type 'int', but argument 3 has type 'INT32U'
nios2-elf-gcc -xc -MP -MMD -c -I../electronic_engine_control_bsp//UCOSII/inc -I../electronic_engine_control_bsp//HAL/inc -I../electronic_engine_control_bsp/ -I../electronic_engine_control_bsp//drivers/inc  -DSYSTEM_BUS_WIDTH=32 -pipe -D__hal__ -DALT_NO_INSTRUCTION_EMULATION -D__ucosii__    -O0 -g -Wall   -EL -mno-hw-div -mno-hw-mul -mno-hw-mulx  -o obj/default/tps_proc.o tps_proc.c
apps_motor_proc.c:52: warning: unused variable 'err'
Info: Linking electronic_engine_control.elf
apps_motor_proc.c: In function 'set_new_motor_position':
nios2-elf-g++  -T'../electronic_engine_control_bsp//linker.x' -msys-crt0='../electronic_engine_control_bsp//obj/HAL/src/crt0.o' -msys-lib=ucosii_bsp -L../electronic_engine_control_bsp/   -Wl,-Map=electronic_engine_control.map   -O0 -g -Wall   -EL -mno-hw-div -mno-hw-mul -mno-hw-mulx  -o electronic_engine_control.elf obj/default/apps_motor_proc.o obj/default/failure_handler_proc.o obj/default/main.o obj/default/solenoid_proc.o obj/default/tests/CuTest.o obj/default/tests/testbench.o obj/default/tps_proc.o obj/default/util.o -lm 
apps_motor_proc.c:200: warning: cast to pointer from integer of different size
nios2-elf-insert electronic_engine_control.elf --thread_model ucosii --cpu_name nios2_0 --qsys true --simulation_enabled false --id 0 --sidp 0x4009080 --timestamp 1488924393 --stderr_dev jtag_uart_0 --stdin_dev jtag_uart_0 --stdout_dev jtag_uart_0 --sopc_system_name niosII_system --quartus_project_dir "/afs/ualberta.ca/home/x/u/xuefei1/Desktop/electronic_engine_control" --jdi /afs/ualberta.ca/home/x/u/xuefei1/Desktop/electronic_engine_control/software/electronic_engine_control_bsp/../../electronic_engine_control.jdi --sopcinfo /afs/ualberta.ca/home/x/u/xuefei1/Desktop/electronic_engine_control/software/electronic_engine_control_bsp/../../niosII_system.sopcinfo
apps_motor_proc.c: In function 'apps_value_comp_callback':
Info: (electronic_engine_control.elf) 156 KBytes program size (code + initialized data).
Info:                                 32604 KBytes free for stack + heap.
Info: Creating electronic_engine_control.objdump
apps_motor_proc.c:211: warning: large integer implicitly truncated to unsigned type
nios2-elf-objdump --disassemble --syms --all-header --source electronic_engine_control.elf >electronic_engine_control.objdump
apps_motor_proc.c: At top level:
test_config.h:47: warning: 'X_CompareAsserts' declared 'static' but never defined
test_config.h:47: warning: 'X_CompareAsserts' declared 'static' but never defined
solenoid_proc.c: In function 'solenoid_task':
solenoid_proc.c:93: warning: format '%d' expects type 'int', but argument 2 has type 'INT32U'
solenoid_proc.c:93: warning: format '%d' expects type 'int', but argument 3 has type 'INT32U'
solenoid_proc.c:93: warning: format '%d' expects type 'int', but argument 2 has type 'INT32U'
solenoid_proc.c:93: warning: format '%d' expects type 'int', but argument 3 has type 'INT32U'
solenoid_proc.c:38: warning: unused variable 'err'
solenoid_proc.c: At top level:
test_config.h:47: warning: 'X_CompareAsserts' declared 'static' but never defined
tps_proc.c: In function 'tps_task':
tps_proc.c:105: warning: large integer implicitly truncated to unsigned type
tps_proc.c:129: warning: format '%d' expects type 'int', but argument 2 has type 'INT32U'
tps_proc.c:129: warning: format '%d' expects type 'int', but argument 3 has type 'INT32U'
tps_proc.c:129: warning: format '%d' expects type 'int', but argument 2 has type 'INT32U'
tps_proc.c:129: warning: format '%d' expects type 'int', but argument 3 has type 'INT32U'
tps_proc.c:41: warning: unused variable 'expected_tps_reading_q'
tps_proc.c:37: warning: unused variable 'err'
tps_proc.c: In function 'tps_value_comp_callback':
tps_proc.c:142: warning: large integer implicitly truncated to unsigned type
tps_proc.c: At top level:
test_config.h:47: warning: 'X_CompareAsserts' declared 'static' but never defined
[electronic_engine_control build complete]

**** Build Finished ****
