Flow report for electronic_engine_control
Fri Mar 17 16:51:24 2017
Quartus II 32-bit Version 12.1 Build 243 01/31/2013 Service Pack 1 SJ Full Version


---------------------
; Table of Contents ;
---------------------
  1. Legal Notice
  2. Flow Summary
  3. Flow Settings
  4. Flow Non-Default Global Settings
  5. Flow Elapsed Time
  6. Flow OS Summary
  7. Flow Log



----------------
; Legal Notice ;
----------------
Copyright (C) 1991-2012 Altera Corporation
Your use of Altera Corporation's design tools, logic functions 
and other software and tools, and its AMPP partner logic 
functions, and any output files from any of the foregoing 
(including device programming or simulation files), and any 
associated documentation or information are expressly subject 
to the terms and conditions of the Altera Program License 
Subscription Agreement, Altera MegaCore Function License 
Agreement, or other applicable license agreement, including, 
without limitation, that your use is for the sole purpose of 
programming logic devices manufactured by Altera and sold by 
Altera or its authorized distributors.  Please refer to the 
applicable agreement for further details.



+-------------------------------------------------------------------------------------+
; Flow Summary                                                                        ;
+------------------------------------+------------------------------------------------+
; Flow Status                        ; Successful - Fri Mar 17 16:51:24 2017          ;
; Quartus II 32-bit Version          ; 12.1 Build 243 01/31/2013 SP 1 SJ Full Version ;
; Revision Name                      ; electronic_engine_control                      ;
; Top-level Entity Name              ; electronic_engine_control                      ;
; Family                             ; Cyclone IV E                                   ;
; Device                             ; EP4CE22F17C7                                   ;
; Timing Models                      ; Final                                          ;
; Total logic elements               ; 3,560 / 22,320 ( 16 % )                        ;
;     Total combinational functions  ; 3,197 / 22,320 ( 14 % )                        ;
;     Dedicated logic registers      ; 2,100 / 22,320 ( 9 % )                         ;
; Total registers                    ; 2184                                           ;
; Total pins                         ; 97 / 154 ( 63 % )                              ;
; Total virtual pins                 ; 0                                              ;
; Total memory bits                  ; 144,384 / 608,256 ( 24 % )                     ;
; Embedded Multiplier 9-bit elements ; 0 / 132 ( 0 % )                                ;
; Total PLLs                         ; 1 / 4 ( 25 % )                                 ;
+------------------------------------+------------------------------------------------+


+-----------------------------------------------+
; Flow Settings                                 ;
+-------------------+---------------------------+
; Option            ; Setting                   ;
+-------------------+---------------------------+
; Start date & time ; 03/17/2017 16:48:30       ;
; Main task         ; Compilation               ;
; Revision Name     ; electronic_engine_control ;
+-------------------+---------------------------+


+----------------------------------------------------------------------------------------------------------------------------+
; Flow Non-Default Global Settings                                                                                           ;
+-------------------------------------+---------------------------------------+---------------+-------------+----------------+
; Assignment Name                     ; Value                                 ; Default Value ; Entity Name ; Section Id     ;
+-------------------------------------+---------------------------------------+---------------+-------------+----------------+
; COMPILER_SIGNATURE_ID               ; 0.148979091002755                     ; --            ; --          ; --             ;
; EDA_OUTPUT_DATA_FORMAT              ; Vhdl                                  ; --            ; --          ; eda_simulation ;
; EDA_SIMULATION_TOOL                 ; ModelSim-Altera (VHDL)                ; <None>        ; --          ; --             ;
; MAX_CORE_JUNCTION_TEMP              ; 85                                    ; --            ; --          ; --             ;
; MIN_CORE_JUNCTION_TEMP              ; 0                                     ; --            ; --          ; --             ;
; OUTPUT_IO_TIMING_FAR_END_VMEAS      ; Half Signal Swing                     ; --            ; --          ; --             ;
; OUTPUT_IO_TIMING_FAR_END_VMEAS      ; Half Signal Swing                     ; --            ; --          ; --             ;
; OUTPUT_IO_TIMING_NEAR_END_VMEAS     ; Half Vccio                            ; --            ; --          ; --             ;
; OUTPUT_IO_TIMING_NEAR_END_VMEAS     ; Half Vccio                            ; --            ; --          ; --             ;
; PARTITION_COLOR                     ; 16764057                              ; --            ; --          ; Top            ;
; PARTITION_FITTER_PRESERVATION_LEVEL ; PLACEMENT_AND_ROUTING                 ; --            ; --          ; Top            ;
; PARTITION_NETLIST_TYPE              ; SOURCE                                ; --            ; --          ; Top            ;
; POWER_BOARD_THERMAL_MODEL           ; None (CONSERVATIVE)                   ; --            ; --          ; --             ;
; POWER_PRESET_COOLING_SOLUTION       ; 23 MM HEAT SINK WITH 200 LFPM AIRFLOW ; --            ; --          ; --             ;
; PROJECT_OUTPUT_DIRECTORY            ; output_files                          ; --            ; --          ; --             ;
+-------------------------------------+---------------------------------------+---------------+-------------+----------------+


+-------------------------------------------------------------------------------------------------------------------------------+
; Flow Elapsed Time                                                                                                             ;
+---------------------------+--------------+-------------------------+---------------------+------------------------------------+
; Module Name               ; Elapsed Time ; Average Processors Used ; Peak Virtual Memory ; Total CPU Time (on all processors) ;
+---------------------------+--------------+-------------------------+---------------------+------------------------------------+
; Analysis & Synthesis      ; 00:01:20     ; 1.0                     ; 461 MB              ; 00:01:40                           ;
; Fitter                    ; 00:00:34     ; 1.3                     ; 552 MB              ; 00:00:31                           ;
; Assembler                 ; 00:00:02     ; 1.0                     ; 336 MB              ; 00:00:02                           ;
; TimeQuest Timing Analyzer ; 00:00:16     ; 1.0                     ; 413 MB              ; 00:00:06                           ;
; EDA Netlist Writer        ; 00:00:11     ; 1.0                     ; 336 MB              ; 00:00:07                           ;
; Total                     ; 00:02:23     ; --                      ; --                  ; 00:02:26                           ;
+---------------------------+--------------+-------------------------+---------------------+------------------------------------+


+-----------------------------------------------------------------------------------------------------+
; Flow OS Summary                                                                                     ;
+---------------------------+--------------------------+--------------+--------------+----------------+
; Module Name               ; Machine Hostname         ; OS Name      ; OS Version   ; Processor type ;
+---------------------------+--------------------------+--------------+--------------+----------------+
; Analysis & Synthesis      ; e3-11-01.ece.ualberta.ca ; CentOS Linux ; CentOS Linux ; x86_64         ;
; Fitter                    ; e3-11-01.ece.ualberta.ca ; CentOS Linux ; CentOS Linux ; x86_64         ;
; Assembler                 ; e3-11-01.ece.ualberta.ca ; CentOS Linux ; CentOS Linux ; x86_64         ;
; TimeQuest Timing Analyzer ; e3-11-01.ece.ualberta.ca ; CentOS Linux ; CentOS Linux ; x86_64         ;
; EDA Netlist Writer        ; e3-11-01.ece.ualberta.ca ; CentOS Linux ; CentOS Linux ; x86_64         ;
+---------------------------+--------------------------+--------------+--------------+----------------+


------------
; Flow Log ;
------------
quartus_map --read_settings_files=on --write_settings_files=off electronic_engine_control -c electronic_engine_control
quartus_fit --read_settings_files=off --write_settings_files=off electronic_engine_control -c electronic_engine_control
quartus_asm --read_settings_files=off --write_settings_files=off electronic_engine_control -c electronic_engine_control
quartus_sta electronic_engine_control -c electronic_engine_control
quartus_eda --read_settings_files=off --write_settings_files=off electronic_engine_control -c electronic_engine_control



